2024-05-09 09:19:21,255 [DEBUG] CloudFormation client initialized with endpoint https://cloudformation.ap-southeast-2.amazonaws.com
2024-05-09 09:19:21,256 [DEBUG] SQS client initialized with endpoint https://sqs.ap-southeast-2.amazonaws.com
2024-05-09 09:19:21,256 [DEBUG] CloudFormation client initialized with endpoint https://cloudformation.ap-southeast-2.amazonaws.com
2024-05-09 09:19:21,256 [DEBUG] Enabled single threading mode.
2024-05-09 09:19:21,257 [DEBUG] Creating /var/lib/cfn-hup/data
2024-05-09 09:19:21,269 [INFO] No umask value specified in config file. Using the default one: 0o22
2024-05-09 09:19:21,400 [INFO] Pid: 1798
2024-05-09 09:19:21,845 [INFO] Refreshing listener credentials
2024-05-09 09:19:22,014 [INFO] Scheduling next credential refresh in 1799.0 seconds
2024-05-09 09:20:38,294 [INFO] Received command ElasticBeanstalkCommand-AWSEBAutoScalingGroup (invocation id: 724c99a3-b8ae-4e06-b3cb-03add08aa64a)
2024-05-09 09:20:38,295 [INFO] Running action for aws-eb-command-handler
2024-05-09 09:20:39,373 [INFO] Action for aws-eb-command-handler succeeded, returning SUCCESS
2024-05-09 09:22:19,609 [WARNING] Timeout of 60 seconds breached
2024-05-09 09:22:19,609 [ERROR] Client-side timeout
Traceback (most recent call last):
  File "/usr/lib/python3.9/site-packages/cfnbootstrap/util.py", line 193, in _retry
    return f(*args, **kwargs)
  File "/usr/lib/python3.9/site-packages/cfnbootstrap/util.py", line 266, in _timeout
    raise TimeoutError(
cfnbootstrap.util.TimeoutError
2024-05-09 09:23:45,054 [INFO] Received command ElasticBeanstalkCommand-AWSEBAutoScalingGroup (invocation id: 54c3b797-0be0-4fdf-b841-8c4f4316136b)
2024-05-09 09:23:45,054 [INFO] Running action for aws-eb-command-handler
2024-05-09 09:23:59,782 [INFO] Action for aws-eb-command-handler succeeded, returning SUCCESS
2024-05-09 09:24:40,101 [INFO] command processing is alive.
2024-05-09 09:25:04,675 [INFO] Received command ElasticBeanstalkCommand-AWSEBAutoScalingGroup (invocation id: b4005b52-7bc9-45b0-b1e1-b796dcddf833)
2024-05-09 09:25:04,676 [INFO] Running action for aws-eb-command-handler
2024-05-09 09:25:17,512 [INFO] Action for aws-eb-command-handler succeeded, returning SUCCESS
2024-05-09 09:26:47,074 [INFO] Received command ElasticBeanstalkCommand-AWSEBAutoScalingGroup (invocation id: e4e51493-0737-492d-9a2f-609ea13a9d30)
2024-05-09 09:26:47,074 [INFO] Running action for aws-eb-command-handler
2024-05-09 09:26:47,970 [INFO] Action for aws-eb-command-handler succeeded, returning SUCCESS
2024-05-09 09:29:48,719 [INFO] command processing is alive.
2024-05-09 09:32:32,421 [INFO] Received command ElasticBeanstalkCommand-AWSEBAutoScalingGroup (invocation id: 95217150-a844-4b41-a0ae-c63a31edb749)
2024-05-09 09:32:32,421 [INFO] Running action for aws-eb-command-handler
2024-05-09 09:32:34,510 [INFO] Action for aws-eb-command-handler succeeded, returning SUCCESS
2024-05-09 09:34:11,202 [INFO] Received command ElasticBeanstalkCommand-AWSEBAutoScalingGroup (invocation id: 5d98944b-aa94-4d28-9e30-fd7baecaee36)
2024-05-09 09:34:11,202 [INFO] Running action for aws-eb-command-handler
2024-05-09 09:34:13,744 [INFO] Action for aws-eb-command-handler succeeded, returning SUCCESS
2024-05-09 09:34:54,014 [INFO] command processing is alive.
2024-05-09 09:35:12,648 [INFO] Received command ElasticBeanstalkCommand-AWSEBAutoScalingGroup (invocation id: 138ad572-14e7-4c44-8308-b752004aad43)
2024-05-09 09:35:12,649 [INFO] Running action for aws-eb-command-handler
2024-05-09 09:35:13,787 [INFO] Action for aws-eb-command-handler succeeded, returning SUCCESS
2024-05-09 09:35:48,231 [INFO] Received command ElasticBeanstalkCommand-AWSEBAutoScalingGroup (invocation id: d1cdf9de-09a5-46d7-848c-b06ecd3080ef)
2024-05-09 09:35:48,231 [INFO] Running action for aws-eb-command-handler
2024-05-09 09:36:03,146 [INFO] Action for aws-eb-command-handler succeeded, returning SUCCESS
2024-05-09 09:40:04,149 [INFO] command processing is alive.
2024-05-09 09:42:52,942 [INFO] Received command ElasticBeanstalkCommand-AWSEBAutoScalingGroup (invocation id: af622553-3b29-47fc-a0be-1633bdd315d9)
2024-05-09 09:42:52,942 [INFO] Running action for aws-eb-command-handler
2024-05-09 09:43:07,439 [INFO] Action for aws-eb-command-handler succeeded, returning SUCCESS
2024-05-09 09:45:08,117 [INFO] command processing is alive.
2024-05-09 09:45:15,261 [INFO] Received command ElasticBeanstalkCommand-AWSEBAutoScalingGroup (invocation id: 165836a9-00b9-4557-a9ca-3cb61f7105e0)
2024-05-09 09:45:15,261 [INFO] Running action for aws-eb-command-handler
2024-05-09 09:45:16,392 [INFO] Action for aws-eb-command-handler succeeded, returning SUCCESS
2024-05-09 09:49:21,015 [INFO] Refreshing listener credentials
2024-05-09 09:49:21,130 [INFO] Scheduling next credential refresh in 1799.0 seconds
2024-05-09 09:50:00,874 [INFO] Received command ElasticBeanstalkCommand-AWSEBAutoScalingGroup (invocation id: 522d0cd0-510a-4ac0-a896-fca53f9f8585)
2024-05-09 09:50:00,875 [INFO] Running action for aws-eb-command-handler
2024-05-09 09:50:02,578 [INFO] Action for aws-eb-command-handler succeeded, returning SUCCESS
2024-05-09 09:50:22,817 [INFO] command processing is alive.
2024-05-09 09:53:15,139 [INFO] Received command ElasticBeanstalkCommand-AWSEBAutoScalingGroup (invocation id: d06c5494-7faa-46d5-9355-b8e0ae7d43f8)
2024-05-09 09:53:15,139 [INFO] Running action for aws-eb-command-handler
2024-05-09 09:53:16,141 [INFO] Action for aws-eb-command-handler succeeded, returning SUCCESS
2024-05-09 09:55:36,738 [INFO] command processing is alive.
2024-05-09 10:00:37,659 [INFO] command processing is alive.
2024-05-09 10:01:50,481 [INFO] Received command ElasticBeanstalkCommand-AWSEBAutoScalingGroup (invocation id: 14639b11-8bce-4fff-8b30-9519f06c79ba)
2024-05-09 10:01:50,481 [INFO] Running action for aws-eb-command-handler
2024-05-09 10:02:04,122 [INFO] Action for aws-eb-command-handler succeeded, returning SUCCESS
2024-05-09 10:05:45,188 [INFO] command processing is alive.
2024-05-09 10:10:46,275 [INFO] command processing is alive.
2024-05-09 10:11:42,294 [INFO] Received command ElasticBeanstalkCommand-AWSEBAutoScalingGroup (invocation id: 5011bbb6-44bf-4dd5-bfc0-c38f1cd15888)
2024-05-09 10:11:42,294 [INFO] Running action for aws-eb-command-handler
2024-05-09 10:11:54,003 [INFO] Action for aws-eb-command-handler succeeded, returning SUCCESS
2024-05-09 10:12:40,760 [INFO] Received command ElasticBeanstalkCommand-AWSEBAutoScalingGroup (invocation id: acd70456-bea7-477b-9790-613e53d25b35)
2024-05-09 10:12:40,761 [INFO] Running action for aws-eb-command-handler
2024-05-09 10:12:41,708 [INFO] Action for aws-eb-command-handler succeeded, returning SUCCESS
2024-05-09 10:16:02,685 [INFO] command processing is alive.
2024-05-09 10:19:20,130 [INFO] Refreshing listener credentials
2024-05-09 10:19:20,277 [INFO] Scheduling next credential refresh in 1799.0 seconds
2024-05-09 10:21:03,732 [INFO] command processing is alive.
2024-05-09 10:23:00,727 [INFO] Received command ElasticBeanstalkCommand-AWSEBAutoScalingGroup (invocation id: 83348d1a-eda2-4013-b850-877ed89c6cdd)
2024-05-09 10:23:00,727 [INFO] Running action for aws-eb-command-handler
2024-05-09 10:23:15,108 [INFO] Action for aws-eb-command-handler succeeded, returning SUCCESS
2024-05-09 10:26:13,328 [INFO] Received command ElasticBeanstalkCommand-AWSEBAutoScalingGroup (invocation id: 2678d909-b4d4-4bb2-9b08-e3bc044e7f16)
2024-05-09 10:26:13,328 [INFO] Running action for aws-eb-command-handler
2024-05-09 10:26:26,582 [INFO] Action for aws-eb-command-handler succeeded, returning SUCCESS
2024-05-09 10:26:26,744 [INFO] command processing is alive.
2024-05-09 10:30:10,097 [INFO] Received command ElasticBeanstalkCommand-AWSEBAutoScalingGroup (invocation id: 2e2ab7c2-a234-4fed-86dd-f30ae2f3a3ac)
2024-05-09 10:30:10,097 [INFO] Running action for aws-eb-command-handler
2024-05-09 10:30:22,304 [INFO] Action for aws-eb-command-handler succeeded, returning SUCCESS
2024-05-09 10:31:42,716 [INFO] command processing is alive.
2024-05-09 10:32:24,319 [INFO] Received command ElasticBeanstalkCommand-AWSEBAutoScalingGroup (invocation id: 4b3dace9-7b03-4a7d-8555-412ef5dfb7f6)
2024-05-09 10:32:24,319 [INFO] Running action for aws-eb-command-handler
2024-05-09 10:32:25,501 [INFO] Action for aws-eb-command-handler succeeded, returning SUCCESS
2024-05-09 10:36:46,461 [INFO] command processing is alive.
2024-05-09 10:41:47,377 [INFO] command processing is alive.
2024-05-09 10:46:48,283 [INFO] command processing is alive.
2024-05-09 10:49:19,278 [INFO] Refreshing listener credentials
2024-05-09 10:49:19,392 [INFO] Scheduling next credential refresh in 1799.0 seconds
2024-05-09 10:51:49,320 [INFO] command processing is alive.
2024-05-09 10:56:50,249 [INFO] command processing is alive.
2024-05-09 10:57:08,779 [INFO] Received command ElasticBeanstalkCommand-AWSEBAutoScalingGroup (invocation id: b577b509-7d45-4fff-9894-57af0e2e0687)
2024-05-09 10:57:08,779 [INFO] Running action for aws-eb-command-handler
2024-05-09 10:57:22,665 [INFO] Action for aws-eb-command-handler succeeded, returning SUCCESS
2024-05-09 10:59:54,252 [INFO] Received command ElasticBeanstalkCommand-AWSEBAutoScalingGroup (invocation id: 8fcbc3ea-27ba-479b-b2c2-57dbee48b77d)
2024-05-09 10:59:54,252 [INFO] Running action for aws-eb-command-handler
2024-05-09 11:00:10,770 [INFO] Action for aws-eb-command-handler succeeded, returning SUCCESS
2024-05-09 11:01:51,333 [INFO] command processing is alive.
2024-05-09 11:02:03,163 [INFO] Received command ElasticBeanstalkCommand-AWSEBAutoScalingGroup (invocation id: ba7ac538-06f5-471d-8e85-4b59f1b3ae81)
2024-05-09 11:02:03,163 [INFO] Running action for aws-eb-command-handler
2024-05-09 11:02:20,537 [INFO] Action for aws-eb-command-handler succeeded, returning SUCCESS
2024-05-09 11:07:01,763 [INFO] command processing is alive.
2024-05-09 11:08:45,708 [INFO] Received command ElasticBeanstalkCommand-AWSEBAutoScalingGroup (invocation id: 837894e9-ab92-4dcc-9e13-2e03ec56fa60)
2024-05-09 11:08:45,708 [INFO] Running action for aws-eb-command-handler
2024-05-09 11:08:58,702 [INFO] Action for aws-eb-command-handler succeeded, returning SUCCESS
2024-05-09 11:12:19,492 [INFO] command processing is alive.
2024-05-09 11:15:42,340 [INFO] Received command ElasticBeanstalkCommand-AWSEBAutoScalingGroup (invocation id: ec9d4808-8cce-4465-a826-53381521c24d)
2024-05-09 11:15:42,340 [INFO] Running action for aws-eb-command-handler
2024-05-09 11:15:54,361 [INFO] Action for aws-eb-command-handler succeeded, returning SUCCESS
2024-05-09 11:17:34,846 [INFO] command processing is alive.
2024-05-09 11:18:35,337 [INFO] Received command ElasticBeanstalkCommand-AWSEBAutoScalingGroup (invocation id: fe004a87-66f8-471f-a44a-899d4e40e803)
2024-05-09 11:18:35,337 [INFO] Running action for aws-eb-command-handler
2024-05-09 11:18:48,224 [INFO] Action for aws-eb-command-handler succeeded, returning SUCCESS
2024-05-09 11:19:18,393 [INFO] Refreshing listener credentials
2024-05-09 11:19:18,499 [INFO] Scheduling next credential refresh in 1799.0 seconds
2024-05-09 11:21:48,370 [INFO] Received command ElasticBeanstalkCommand-AWSEBAutoScalingGroup (invocation id: 347f45f8-49e2-474a-9d2b-372c33018eaa)
2024-05-09 11:21:48,371 [INFO] Running action for aws-eb-command-handler
2024-05-09 11:22:03,485 [INFO] Action for aws-eb-command-handler succeeded, returning SUCCESS
2024-05-09 11:22:43,716 [INFO] command processing is alive.
2024-05-09 11:27:44,664 [INFO] command processing is alive.
2024-05-09 11:32:45,748 [INFO] command processing is alive.
2024-05-09 11:37:46,798 [INFO] command processing is alive.
2024-05-09 11:42:47,773 [INFO] command processing is alive.
2024-05-09 11:47:48,648 [INFO] command processing is alive.
2024-05-09 11:49:17,500 [INFO] Refreshing listener credentials
2024-05-09 11:49:17,610 [INFO] Scheduling next credential refresh in 1799.0 seconds
2024-05-09 11:52:49,580 [INFO] command processing is alive.
2024-05-09 11:57:50,665 [INFO] command processing is alive.
2024-05-09 12:02:51,717 [INFO] command processing is alive.
2024-05-09 12:07:52,677 [INFO] command processing is alive.
2024-05-09 12:12:53,671 [INFO] command processing is alive.
2024-05-09 12:17:54,577 [INFO] command processing is alive.
2024-05-09 12:19:16,611 [INFO] Refreshing listener credentials
2024-05-09 12:19:16,719 [INFO] Scheduling next credential refresh in 1799.0 seconds
2024-05-09 12:22:55,515 [INFO] command processing is alive.
2024-05-09 12:27:56,550 [INFO] command processing is alive.
2024-05-09 12:32:57,430 [INFO] command processing is alive.
2024-05-09 12:37:58,311 [INFO] command processing is alive.
2024-05-09 12:42:59,258 [INFO] command processing is alive.
2024-05-09 12:48:00,276 [INFO] command processing is alive.
2024-05-09 12:49:15,719 [INFO] Refreshing listener credentials
2024-05-09 12:49:15,831 [INFO] Scheduling next credential refresh in 1799.0 seconds
2024-05-09 12:53:01,242 [INFO] command processing is alive.
2024-05-09 12:58:02,230 [INFO] command processing is alive.
2024-05-09 13:03:03,300 [INFO] command processing is alive.
2024-05-09 13:08:04,222 [INFO] command processing is alive.
2024-05-09 13:13:05,146 [INFO] command processing is alive.
2024-05-09 13:18:06,088 [INFO] command processing is alive.
2024-05-09 13:19:14,832 [INFO] Refreshing listener credentials
2024-05-09 13:19:14,936 [INFO] Scheduling next credential refresh in 1799.0 seconds
2024-05-09 13:23:07,056 [INFO] command processing is alive.
2024-05-09 13:28:08,051 [INFO] command processing is alive.
2024-05-09 13:33:09,128 [INFO] command processing is alive.
2024-05-09 13:38:10,295 [INFO] command processing is alive.
2024-05-09 13:43:11,279 [INFO] command processing is alive.
2024-05-09 13:48:12,308 [INFO] command processing is alive.
2024-05-09 13:49:13,937 [INFO] Refreshing listener credentials
2024-05-09 13:49:14,064 [INFO] Scheduling next credential refresh in 1799.0 seconds
2024-05-09 13:53:13,303 [INFO] command processing is alive.
2024-05-09 13:58:14,351 [INFO] command processing is alive.
2024-05-09 14:03:15,278 [INFO] command processing is alive.
2024-05-09 14:08:16,340 [INFO] command processing is alive.
2024-05-09 14:13:17,297 [INFO] command processing is alive.
2024-05-09 14:18:18,281 [INFO] command processing is alive.
2024-05-09 14:19:13,065 [INFO] Refreshing listener credentials
2024-05-09 14:19:13,178 [INFO] Scheduling next credential refresh in 1799.0 seconds
2024-05-09 14:23:19,101 [INFO] command processing is alive.
2024-05-09 14:28:20,155 [INFO] command processing is alive.
2024-05-09 14:33:21,157 [INFO] command processing is alive.
2024-05-09 14:38:22,225 [INFO] command processing is alive.
2024-05-09 14:43:23,270 [INFO] command processing is alive.
2024-05-09 14:48:24,139 [INFO] command processing is alive.
2024-05-09 14:49:12,179 [INFO] Refreshing listener credentials
2024-05-09 14:49:12,286 [INFO] Scheduling next credential refresh in 1799.0 seconds
2024-05-09 14:53:25,100 [INFO] command processing is alive.
2024-05-09 14:58:26,096 [INFO] command processing is alive.
2024-05-09 15:03:27,137 [INFO] command processing is alive.
2024-05-09 15:08:28,004 [INFO] command processing is alive.
2024-05-09 15:13:28,933 [INFO] command processing is alive.
2024-05-09 15:18:29,843 [INFO] command processing is alive.
2024-05-09 15:19:11,287 [INFO] Refreshing listener credentials
2024-05-09 15:19:11,392 [INFO] Scheduling next credential refresh in 1799.0 seconds
2024-05-09 15:23:30,825 [INFO] command processing is alive.
2024-05-09 15:28:31,847 [INFO] command processing is alive.
2024-05-09 15:33:32,721 [INFO] command processing is alive.
2024-05-09 15:38:33,664 [INFO] command processing is alive.
2024-05-09 15:43:34,730 [INFO] command processing is alive.
2024-05-09 15:48:35,677 [INFO] command processing is alive.
2024-05-09 15:49:10,392 [INFO] Refreshing listener credentials
2024-05-09 15:49:10,544 [INFO] Scheduling next credential refresh in 1799.0 seconds
2024-05-09 15:53:36,589 [INFO] command processing is alive.
2024-05-09 15:58:37,513 [INFO] command processing is alive.
2024-05-09 16:03:38,410 [INFO] command processing is alive.
2024-05-09 16:08:39,459 [INFO] command processing is alive.
2024-05-09 16:13:40,499 [INFO] command processing is alive.
2024-05-09 16:18:41,570 [INFO] command processing is alive.
2024-05-09 16:19:09,544 [INFO] Refreshing listener credentials
2024-05-09 16:19:09,638 [INFO] Scheduling next credential refresh in 1799.0 seconds
2024-05-09 16:23:42,670 [INFO] command processing is alive.
2024-05-09 16:28:43,788 [INFO] command processing is alive.
2024-05-09 16:33:44,742 [INFO] command processing is alive.
2024-05-09 16:38:45,743 [INFO] command processing is alive.
2024-05-09 16:43:46,675 [INFO] command processing is alive.
2024-05-09 16:48:47,605 [INFO] command processing is alive.
2024-05-09 16:49:08,638 [INFO] Refreshing listener credentials
2024-05-09 16:49:08,779 [INFO] Scheduling next credential refresh in 1799.0 seconds
2024-05-09 16:53:48,521 [INFO] command processing is alive.
2024-05-09 16:58:49,517 [INFO] command processing is alive.
2024-05-09 17:03:50,489 [INFO] command processing is alive.
2024-05-09 17:08:51,565 [INFO] command processing is alive.
2024-05-09 17:13:52,622 [INFO] command processing is alive.
2024-05-09 17:18:53,602 [INFO] command processing is alive.
2024-05-09 17:19:07,779 [INFO] Refreshing listener credentials
2024-05-09 17:19:07,890 [INFO] Scheduling next credential refresh in 1799.0 seconds
2024-05-09 17:23:54,680 [INFO] command processing is alive.
2024-05-09 17:28:55,570 [INFO] command processing is alive.
2024-05-09 17:33:56,563 [INFO] command processing is alive.
2024-05-09 17:38:57,551 [INFO] command processing is alive.
2024-05-09 17:43:58,466 [INFO] command processing is alive.
2024-05-09 17:48:59,493 [INFO] command processing is alive.
2024-05-09 17:49:06,890 [INFO] Refreshing listener credentials
2024-05-09 17:49:06,999 [INFO] Scheduling next credential refresh in 1799.0 seconds
2024-05-09 17:54:00,508 [INFO] command processing is alive.
2024-05-09 17:59:01,431 [INFO] command processing is alive.
2024-05-09 18:04:02,705 [INFO] command processing is alive.
2024-05-09 18:09:03,632 [INFO] command processing is alive.
2024-05-09 18:14:04,542 [INFO] command processing is alive.
2024-05-09 18:19:05,578 [INFO] command processing is alive.
2024-05-09 18:19:05,999 [INFO] Refreshing listener credentials
2024-05-09 18:19:06,117 [INFO] Scheduling next credential refresh in 1799.0 seconds
2024-05-09 18:24:06,506 [INFO] command processing is alive.
2024-05-09 18:29:07,480 [INFO] command processing is alive.
2024-05-09 18:34:08,405 [INFO] command processing is alive.
2024-05-09 18:39:09,451 [INFO] command processing is alive.
2024-05-09 18:44:10,596 [INFO] command processing is alive.
2024-05-09 18:49:05,118 [INFO] Refreshing listener credentials
2024-05-09 18:49:05,228 [INFO] Scheduling next credential refresh in 1799.0 seconds
2024-05-09 18:49:11,604 [INFO] command processing is alive.
2024-05-09 18:54:12,679 [INFO] command processing is alive.
2024-05-09 18:59:13,562 [INFO] command processing is alive.
2024-05-09 19:04:14,489 [INFO] command processing is alive.
2024-05-09 19:09:15,507 [INFO] command processing is alive.
2024-05-09 19:14:16,412 [INFO] command processing is alive.
2024-05-09 19:19:04,228 [INFO] Refreshing listener credentials
2024-05-09 19:19:04,343 [INFO] Scheduling next credential refresh in 1799.0 seconds
2024-05-09 19:19:17,379 [INFO] command processing is alive.
2024-05-09 19:24:18,256 [INFO] command processing is alive.
2024-05-09 19:29:19,208 [INFO] command processing is alive.
2024-05-09 19:34:20,171 [INFO] command processing is alive.
2024-05-09 19:39:21,109 [INFO] command processing is alive.
2024-05-09 19:44:22,182 [INFO] command processing is alive.
2024-05-09 19:49:03,343 [INFO] Refreshing listener credentials
2024-05-09 19:49:03,473 [INFO] Scheduling next credential refresh in 1799.0 seconds
2024-05-09 19:49:23,260 [INFO] command processing is alive.
2024-05-09 19:54:24,267 [INFO] command processing is alive.
2024-05-09 19:59:25,312 [INFO] command processing is alive.
2024-05-09 20:04:26,366 [INFO] command processing is alive.
2024-05-09 20:09:27,385 [INFO] command processing is alive.
2024-05-09 20:14:28,350 [INFO] command processing is alive.
2024-05-09 20:19:02,473 [INFO] Refreshing listener credentials
2024-05-09 20:19:02,615 [INFO] Scheduling next credential refresh in 1799.0 seconds
2024-05-09 20:19:29,353 [INFO] command processing is alive.
2024-05-09 20:24:30,406 [INFO] command processing is alive.
2024-05-09 20:29:31,382 [INFO] command processing is alive.
2024-05-09 20:34:32,251 [INFO] command processing is alive.
2024-05-09 20:39:33,224 [INFO] command processing is alive.
2024-05-09 20:44:34,341 [INFO] command processing is alive.
2024-05-09 20:49:01,615 [INFO] Refreshing listener credentials
2024-05-09 20:49:01,766 [INFO] Scheduling next credential refresh in 1799.0 seconds
2024-05-09 20:49:35,283 [INFO] command processing is alive.
2024-05-09 20:54:36,266 [INFO] command processing is alive.
2024-05-09 20:59:37,224 [INFO] command processing is alive.
2024-05-09 21:04:38,146 [INFO] command processing is alive.
2024-05-09 21:09:39,154 [INFO] command processing is alive.
2024-05-09 21:14:40,198 [INFO] command processing is alive.
2024-05-09 21:19:00,768 [INFO] Refreshing listener credentials
2024-05-09 21:19:00,911 [INFO] Scheduling next credential refresh in 1799.0 seconds
2024-05-09 21:19:41,180 [INFO] command processing is alive.
2024-05-09 21:24:42,349 [INFO] command processing is alive.
2024-05-09 21:29:43,426 [INFO] command processing is alive.
2024-05-09 21:34:44,333 [INFO] command processing is alive.
2024-05-09 21:39:45,421 [INFO] command processing is alive.
2024-05-09 21:44:46,424 [INFO] command processing is alive.
2024-05-09 21:48:59,911 [INFO] Refreshing listener credentials
2024-05-09 21:49:00,017 [INFO] Scheduling next credential refresh in 1799.0 seconds
2024-05-09 21:49:47,385 [INFO] command processing is alive.
2024-05-09 21:54:48,338 [INFO] command processing is alive.
2024-05-09 21:59:49,312 [INFO] command processing is alive.
2024-05-09 22:04:50,275 [INFO] command processing is alive.
2024-05-09 22:09:51,259 [INFO] command processing is alive.
2024-05-09 22:14:52,275 [INFO] command processing is alive.
2024-05-09 22:18:59,018 [INFO] Refreshing listener credentials
2024-05-09 22:18:59,118 [INFO] Scheduling next credential refresh in 1799.0 seconds
2024-05-09 22:19:53,228 [INFO] command processing is alive.
2024-05-09 22:24:54,125 [INFO] command processing is alive.
2024-05-09 22:29:55,032 [INFO] command processing is alive.
2024-05-09 22:34:56,124 [INFO] command processing is alive.
2024-05-09 22:39:57,146 [INFO] command processing is alive.
2024-05-09 22:44:58,132 [INFO] command processing is alive.
2024-05-09 22:48:58,119 [INFO] Refreshing listener credentials
2024-05-09 22:48:58,226 [INFO] Scheduling next credential refresh in 1799.0 seconds
2024-05-09 22:49:59,138 [INFO] command processing is alive.
2024-05-09 22:55:00,061 [INFO] command processing is alive.
2024-05-09 23:00:01,008 [INFO] command processing is alive.
2024-05-09 23:05:02,295 [INFO] command processing is alive.
2024-05-09 23:10:03,232 [INFO] command processing is alive.
2024-05-09 23:15:04,134 [INFO] command processing is alive.
2024-05-09 23:18:57,227 [INFO] Refreshing listener credentials
2024-05-09 23:18:57,334 [INFO] Scheduling next credential refresh in 1799.0 seconds
2024-05-09 23:20:05,125 [INFO] command processing is alive.
2024-05-09 23:25:06,148 [INFO] command processing is alive.
2024-05-09 23:30:07,158 [INFO] command processing is alive.
2024-05-09 23:35:08,218 [INFO] command processing is alive.
2024-05-09 23:40:09,178 [INFO] command processing is alive.
2024-05-09 23:45:10,190 [INFO] command processing is alive.
2024-05-09 23:48:56,334 [INFO] Refreshing listener credentials
2024-05-09 23:48:56,439 [INFO] Scheduling next credential refresh in 1799.0 seconds
2024-05-09 23:50:11,177 [INFO] command processing is alive.
2024-05-09 23:55:12,145 [INFO] command processing is alive.
2024-05-10 00:00:13,129 [INFO] command processing is alive.
2024-05-10 00:05:14,194 [INFO] command processing is alive.
2024-05-10 00:10:15,130 [INFO] command processing is alive.
2024-05-10 00:15:16,162 [INFO] command processing is alive.
2024-05-10 00:18:55,440 [INFO] Refreshing listener credentials
2024-05-10 00:18:55,548 [INFO] Scheduling next credential refresh in 1799.0 seconds
2024-05-10 00:20:17,190 [INFO] command processing is alive.
2024-05-10 00:25:18,173 [INFO] command processing is alive.
2024-05-10 00:30:19,177 [INFO] command processing is alive.
2024-05-10 00:35:20,436 [INFO] command processing is alive.
2024-05-10 00:40:21,553 [INFO] command processing is alive.
2024-05-10 00:45:22,821 [INFO] command processing is alive.
2024-05-10 00:48:54,549 [INFO] Refreshing listener credentials
2024-05-10 00:48:54,679 [INFO] Scheduling next credential refresh in 1799.0 seconds
2024-05-10 00:50:23,950 [INFO] command processing is alive.
2024-05-10 00:55:24,968 [INFO] command processing is alive.
2024-05-10 01:00:25,903 [INFO] command processing is alive.
2024-05-10 01:05:26,906 [INFO] command processing is alive.
2024-05-10 01:10:28,061 [INFO] command processing is alive.
2024-05-10 01:15:29,066 [INFO] command processing is alive.
2024-05-10 01:18:53,680 [INFO] Refreshing listener credentials
2024-05-10 01:18:53,799 [INFO] Scheduling next credential refresh in 1799.0 seconds
2024-05-10 01:20:30,128 [INFO] command processing is alive.
2024-05-10 01:25:31,149 [INFO] command processing is alive.
2024-05-10 01:30:32,151 [INFO] command processing is alive.
2024-05-10 01:35:33,285 [INFO] command processing is alive.
2024-05-10 01:40:34,268 [INFO] command processing is alive.
2024-05-10 01:45:35,330 [INFO] command processing is alive.
2024-05-10 01:48:52,800 [INFO] Refreshing listener credentials
2024-05-10 01:48:52,928 [INFO] Scheduling next credential refresh in 1799.0 seconds
2024-05-10 01:50:36,371 [INFO] command processing is alive.
2024-05-10 01:55:37,392 [INFO] command processing is alive.
2024-05-10 02:00:38,394 [INFO] command processing is alive.
2024-05-10 02:05:39,369 [INFO] command processing is alive.
2024-05-10 02:10:40,528 [INFO] command processing is alive.
2024-05-10 02:15:41,638 [INFO] command processing is alive.
2024-05-10 02:18:51,929 [INFO] Refreshing listener credentials
2024-05-10 02:18:52,036 [INFO] Scheduling next credential refresh in 1799.0 seconds
2024-05-10 02:20:42,839 [INFO] command processing is alive.
2024-05-10 02:25:43,826 [INFO] command processing is alive.
2024-05-10 02:30:44,835 [INFO] command processing is alive.
2024-05-10 02:35:45,720 [INFO] command processing is alive.
2024-05-10 02:40:46,774 [INFO] command processing is alive.
2024-05-10 02:45:47,923 [INFO] command processing is alive.
2024-05-10 02:48:51,037 [INFO] Refreshing listener credentials
2024-05-10 02:48:51,141 [INFO] Scheduling next credential refresh in 1799.0 seconds
2024-05-10 02:50:48,982 [INFO] command processing is alive.
2024-05-10 02:55:49,986 [INFO] command processing is alive.
2024-05-10 03:00:51,104 [INFO] command processing is alive.
2024-05-10 03:05:52,108 [INFO] command processing is alive.
2024-05-10 03:10:53,084 [INFO] command processing is alive.
2024-05-10 03:15:54,113 [INFO] command processing is alive.
2024-05-10 03:18:50,142 [INFO] Refreshing listener credentials
2024-05-10 03:18:50,252 [INFO] Scheduling next credential refresh in 1799.0 seconds
2024-05-10 03:20:55,041 [INFO] command processing is alive.
2024-05-10 03:25:55,957 [INFO] command processing is alive.
2024-05-10 03:30:56,954 [INFO] command processing is alive.
2024-05-10 03:35:58,014 [INFO] command processing is alive.
2024-05-10 03:40:59,015 [INFO] command processing is alive.
2024-05-10 03:46:00,164 [INFO] command processing is alive.
2024-05-10 03:48:49,253 [INFO] Refreshing listener credentials
2024-05-10 03:48:49,356 [INFO] Scheduling next credential refresh in 1799.0 seconds
2024-05-10 03:51:01,244 [INFO] command processing is alive.
2024-05-10 03:56:02,483 [INFO] command processing is alive.
2024-05-10 04:01:03,594 [INFO] command processing is alive.
2024-05-10 04:06:04,626 [INFO] command processing is alive.
2024-05-10 04:11:05,698 [INFO] command processing is alive.
2024-05-10 04:16:06,680 [INFO] command processing is alive.
2024-05-10 04:18:48,356 [INFO] Refreshing listener credentials
2024-05-10 04:18:48,516 [INFO] Scheduling next credential refresh in 1799.0 seconds
2024-05-10 04:21:07,683 [INFO] command processing is alive.
2024-05-10 04:26:08,659 [INFO] command processing is alive.
2024-05-10 04:31:09,713 [INFO] command processing is alive.
2024-05-10 04:36:10,727 [INFO] command processing is alive.
2024-05-10 04:41:11,832 [INFO] command processing is alive.
2024-05-10 04:46:12,983 [INFO] command processing is alive.
2024-05-10 04:48:47,516 [INFO] Refreshing listener credentials
2024-05-10 04:48:47,685 [INFO] Scheduling next credential refresh in 1799.0 seconds
2024-05-10 04:51:13,992 [INFO] command processing is alive.
2024-05-10 04:56:15,028 [INFO] command processing is alive.
2024-05-10 05:01:16,108 [INFO] command processing is alive.
2024-05-10 05:06:17,124 [INFO] command processing is alive.
2024-05-10 05:11:18,135 [INFO] command processing is alive.
2024-05-10 05:16:19,184 [INFO] command processing is alive.
2024-05-10 05:18:46,686 [INFO] Refreshing listener credentials
2024-05-10 05:18:46,797 [INFO] Scheduling next credential refresh in 1799.0 seconds
2024-05-10 05:21:20,278 [INFO] command processing is alive.
2024-05-10 05:26:21,217 [INFO] command processing is alive.
2024-05-10 05:31:22,433 [INFO] command processing is alive.
2024-05-10 05:36:23,512 [INFO] command processing is alive.
2024-05-10 05:41:24,580 [INFO] command processing is alive.
2024-05-10 05:46:25,571 [INFO] command processing is alive.
2024-05-10 05:48:45,798 [INFO] Refreshing listener credentials
2024-05-10 05:48:45,910 [INFO] Scheduling next credential refresh in 1799.0 seconds
2024-05-10 05:51:26,743 [INFO] command processing is alive.
2024-05-10 05:56:27,730 [INFO] command processing is alive.
2024-05-10 06:01:28,808 [INFO] command processing is alive.
2024-05-10 06:06:29,938 [INFO] command processing is alive.
2024-05-10 06:11:31,056 [INFO] command processing is alive.
2024-05-10 06:16:31,944 [INFO] command processing is alive.
2024-05-10 06:18:44,910 [INFO] Refreshing listener credentials
2024-05-10 06:18:45,031 [INFO] Scheduling next credential refresh in 1799.0 seconds
2024-05-10 06:21:32,961 [INFO] command processing is alive.
2024-05-10 06:26:33,935 [INFO] command processing is alive.
2024-05-10 06:31:34,975 [INFO] command processing is alive.
2024-05-10 06:36:36,057 [INFO] command processing is alive.
2024-05-10 06:41:37,113 [INFO] command processing is alive.
2024-05-10 06:46:38,194 [INFO] command processing is alive.
2024-05-10 06:48:44,034 [INFO] Refreshing listener credentials
2024-05-10 06:48:44,146 [INFO] Scheduling next credential refresh in 1799.0 seconds
2024-05-10 06:51:39,211 [INFO] command processing is alive.
2024-05-10 06:56:40,217 [INFO] command processing is alive.
2024-05-10 07:01:41,114 [INFO] command processing is alive.
2024-05-10 07:06:42,416 [INFO] command processing is alive.
2024-05-10 07:11:43,364 [INFO] command processing is alive.
2024-05-10 07:16:44,293 [INFO] command processing is alive.
2024-05-10 07:18:43,148 [INFO] Refreshing listener credentials
2024-05-10 07:18:43,251 [INFO] Scheduling next credential refresh in 1799.0 seconds
2024-05-10 07:21:45,256 [INFO] command processing is alive.
2024-05-10 07:26:46,230 [INFO] command processing is alive.
2024-05-10 07:31:47,152 [INFO] command processing is alive.
2024-05-10 07:36:48,098 [INFO] command processing is alive.
2024-05-10 07:41:49,113 [INFO] command processing is alive.
2024-05-10 07:46:49,954 [INFO] command processing is alive.
2024-05-10 07:48:42,251 [INFO] Refreshing listener credentials
2024-05-10 07:48:42,350 [INFO] Scheduling next credential refresh in 1799.0 seconds
2024-05-10 07:51:50,952 [INFO] command processing is alive.
2024-05-10 07:56:51,910 [INFO] command processing is alive.
2024-05-10 08:01:53,050 [INFO] command processing is alive.
2024-05-10 08:06:54,086 [INFO] command processing is alive.
2024-05-10 08:11:55,149 [INFO] command processing is alive.
2024-05-10 08:16:56,152 [INFO] command processing is alive.
2024-05-10 08:18:41,351 [INFO] Refreshing listener credentials
2024-05-10 08:18:41,454 [INFO] Scheduling next credential refresh in 1799.0 seconds
2024-05-10 08:21:57,160 [INFO] command processing is alive.
2024-05-10 08:26:58,050 [INFO] command processing is alive.
2024-05-10 08:31:59,013 [INFO] command processing is alive.
2024-05-10 08:37:00,060 [INFO] command processing is alive.
2024-05-10 08:42:01,156 [INFO] command processing is alive.
2024-05-10 08:47:02,089 [INFO] command processing is alive.
2024-05-10 08:48:40,454 [INFO] Refreshing listener credentials
2024-05-10 08:48:40,561 [INFO] Scheduling next credential refresh in 1799.0 seconds
2024-05-10 08:52:03,094 [INFO] command processing is alive.
2024-05-10 08:57:04,102 [INFO] command processing is alive.
2024-05-10 09:02:05,167 [INFO] command processing is alive.
2024-05-10 09:07:06,115 [INFO] command processing is alive.
2024-05-10 09:12:06,996 [INFO] command processing is alive.
2024-05-10 09:17:07,927 [INFO] command processing is alive.
2024-05-10 09:18:39,562 [INFO] Refreshing listener credentials
2024-05-10 09:18:39,687 [INFO] Scheduling next credential refresh in 1799.0 seconds
2024-05-10 09:22:08,871 [INFO] command processing is alive.
2024-05-10 09:27:09,902 [INFO] command processing is alive.
2024-05-10 09:32:10,851 [INFO] command processing is alive.
2024-05-10 09:37:11,882 [INFO] command processing is alive.
2024-05-10 09:42:13,023 [INFO] command processing is alive.
2024-05-10 09:47:14,049 [INFO] command processing is alive.
2024-05-10 09:48:38,687 [INFO] Refreshing listener credentials
2024-05-10 09:48:38,810 [INFO] Scheduling next credential refresh in 1799.0 seconds
2024-05-10 09:52:15,071 [INFO] command processing is alive.
2024-05-10 09:57:16,102 [INFO] command processing is alive.
2024-05-10 10:02:17,118 [INFO] command processing is alive.
2024-05-10 10:07:18,019 [INFO] command processing is alive.
2024-05-10 10:12:18,960 [INFO] command processing is alive.
2024-05-10 10:17:19,989 [INFO] command processing is alive.
2024-05-10 10:18:37,810 [INFO] Refreshing listener credentials
2024-05-10 10:18:37,969 [INFO] Scheduling next credential refresh in 1799.0 seconds
2024-05-10 10:22:20,932 [INFO] command processing is alive.
2024-05-10 10:27:22,095 [INFO] command processing is alive.
2024-05-10 10:32:23,121 [INFO] command processing is alive.
2024-05-10 10:37:24,094 [INFO] command processing is alive.
2024-05-10 10:42:25,087 [INFO] command processing is alive.
2024-05-10 10:47:26,024 [INFO] command processing is alive.
2024-05-10 10:48:36,970 [INFO] Refreshing listener credentials
2024-05-10 10:48:37,074 [INFO] Scheduling next credential refresh in 1799.0 seconds
2024-05-10 10:52:27,019 [INFO] command processing is alive.
2024-05-10 10:57:27,926 [INFO] command processing is alive.
2024-05-10 11:02:28,947 [INFO] command processing is alive.
2024-05-10 11:07:29,994 [INFO] command processing is alive.
2024-05-10 11:12:30,925 [INFO] command processing is alive.
2024-05-10 11:17:31,902 [INFO] command processing is alive.
2024-05-10 11:18:36,074 [INFO] Refreshing listener credentials
2024-05-10 11:18:36,171 [INFO] Scheduling next credential refresh in 1799.0 seconds
2024-05-10 11:22:32,797 [INFO] command processing is alive.
2024-05-10 11:27:33,791 [INFO] command processing is alive.
2024-05-10 11:32:34,735 [INFO] command processing is alive.
2024-05-10 11:37:35,700 [INFO] command processing is alive.
2024-05-10 11:42:36,723 [INFO] command processing is alive.
2024-05-10 11:47:37,770 [INFO] command processing is alive.
2024-05-10 11:48:35,171 [INFO] Refreshing listener credentials
2024-05-10 11:48:35,310 [INFO] Scheduling next credential refresh in 1799.0 seconds
2024-05-10 11:52:38,722 [INFO] command processing is alive.
2024-05-10 11:57:39,748 [INFO] command processing is alive.
2024-05-10 12:02:40,705 [INFO] command processing is alive.
2024-05-10 12:07:41,703 [INFO] command processing is alive.
2024-05-10 12:12:42,749 [INFO] command processing is alive.
2024-05-10 12:17:43,862 [INFO] command processing is alive.
2024-05-10 12:18:34,311 [INFO] Refreshing listener credentials
2024-05-10 12:18:34,456 [INFO] Scheduling next credential refresh in 1799.0 seconds
2024-05-10 12:22:44,802 [INFO] command processing is alive.
2024-05-10 12:27:45,713 [INFO] command processing is alive.
2024-05-10 12:32:46,640 [INFO] command processing is alive.
2024-05-10 12:37:47,592 [INFO] command processing is alive.
2024-05-10 12:42:48,514 [INFO] command processing is alive.
2024-05-10 12:47:49,510 [INFO] command processing is alive.
2024-05-10 12:48:33,457 [INFO] Refreshing listener credentials
2024-05-10 12:48:33,564 [INFO] Scheduling next credential refresh in 1799.0 seconds
2024-05-10 12:52:50,460 [INFO] command processing is alive.
2024-05-10 12:57:51,506 [INFO] command processing is alive.
2024-05-10 13:02:52,450 [INFO] command processing is alive.
2024-05-10 13:07:53,331 [INFO] command processing is alive.
2024-05-10 13:12:54,294 [INFO] command processing is alive.
2024-05-10 13:17:55,280 [INFO] command processing is alive.
2024-05-10 13:18:32,565 [INFO] Refreshing listener credentials
2024-05-10 13:18:32,666 [INFO] Scheduling next credential refresh in 1799.0 seconds
2024-05-10 13:22:56,270 [INFO] command processing is alive.
2024-05-10 13:27:57,224 [INFO] command processing is alive.
2024-05-10 13:32:58,216 [INFO] command processing is alive.
2024-05-10 13:37:59,111 [INFO] command processing is alive.
2024-05-10 13:43:00,064 [INFO] command processing is alive.
2024-05-10 13:48:01,005 [INFO] command processing is alive.
2024-05-10 13:48:31,666 [INFO] Refreshing listener credentials
2024-05-10 13:48:31,774 [INFO] Scheduling next credential refresh in 1799.0 seconds
2024-05-10 13:53:02,201 [INFO] command processing is alive.
2024-05-10 13:58:03,187 [INFO] command processing is alive.
2024-05-10 14:03:04,296 [INFO] command processing is alive.
2024-05-10 14:08:05,341 [INFO] command processing is alive.
2024-05-10 14:13:06,285 [INFO] command processing is alive.
2024-05-10 14:18:07,344 [INFO] command processing is alive.
2024-05-10 14:18:30,775 [INFO] Refreshing listener credentials
2024-05-10 14:18:30,886 [INFO] Scheduling next credential refresh in 1799.0 seconds
2024-05-10 14:23:08,320 [INFO] command processing is alive.
2024-05-10 14:28:09,245 [INFO] command processing is alive.
2024-05-10 14:33:10,321 [INFO] command processing is alive.
2024-05-10 14:38:11,256 [INFO] command processing is alive.
2024-05-10 14:43:12,204 [INFO] command processing is alive.
2024-05-10 14:48:13,201 [INFO] command processing is alive.
2024-05-10 14:48:29,886 [INFO] Refreshing listener credentials
2024-05-10 14:48:30,031 [INFO] Scheduling next credential refresh in 1799.0 seconds
2024-05-10 14:53:14,256 [INFO] command processing is alive.
2024-05-10 14:58:15,206 [INFO] command processing is alive.
2024-05-10 15:03:16,197 [INFO] command processing is alive.
2024-05-10 15:08:17,201 [INFO] command processing is alive.
2024-05-10 15:13:18,260 [INFO] command processing is alive.
2024-05-10 15:18:19,260 [INFO] command processing is alive.
2024-05-10 15:18:29,032 [INFO] Refreshing listener credentials
2024-05-10 15:18:29,147 [INFO] Scheduling next credential refresh in 1799.0 seconds
2024-05-10 15:23:20,326 [INFO] command processing is alive.
2024-05-10 15:28:21,371 [INFO] command processing is alive.
2024-05-10 15:33:22,319 [INFO] command processing is alive.
2024-05-10 15:38:23,328 [INFO] command processing is alive.
2024-05-10 15:43:24,273 [INFO] command processing is alive.
2024-05-10 15:48:25,460 [INFO] command processing is alive.
2024-05-10 15:48:28,148 [INFO] Refreshing listener credentials
2024-05-10 15:48:28,264 [INFO] Scheduling next credential refresh in 1799.0 seconds
2024-05-10 15:53:26,441 [INFO] command processing is alive.
2024-05-10 15:58:27,311 [INFO] command processing is alive.
2024-05-10 16:03:28,389 [INFO] command processing is alive.
2024-05-10 16:08:29,423 [INFO] command processing is alive.
2024-05-10 16:13:30,440 [INFO] command processing is alive.
2024-05-10 16:18:27,264 [INFO] Refreshing listener credentials
2024-05-10 16:18:27,364 [INFO] Scheduling next credential refresh in 1799.0 seconds
2024-05-10 16:18:31,455 [INFO] command processing is alive.
2024-05-10 16:23:32,433 [INFO] command processing is alive.
2024-05-10 16:28:33,423 [INFO] command processing is alive.
2024-05-10 16:33:34,365 [INFO] command processing is alive.
2024-05-10 16:38:35,243 [INFO] command processing is alive.
2024-05-10 16:43:36,155 [INFO] command processing is alive.
2024-05-10 16:48:26,364 [INFO] Refreshing listener credentials
2024-05-10 16:48:26,470 [INFO] Scheduling next credential refresh in 1799.0 seconds
2024-05-10 16:48:37,155 [INFO] command processing is alive.
2024-05-10 16:53:38,217 [INFO] command processing is alive.
2024-05-10 16:58:39,210 [INFO] command processing is alive.
2024-05-10 17:03:40,185 [INFO] command processing is alive.
2024-05-10 17:08:41,173 [INFO] command processing is alive.
2024-05-10 17:13:42,262 [INFO] command processing is alive.
2024-05-10 17:18:25,471 [INFO] Refreshing listener credentials
2024-05-10 17:18:25,574 [INFO] Scheduling next credential refresh in 1799.0 seconds
2024-05-10 17:18:43,254 [INFO] command processing is alive.
2024-05-10 17:23:44,137 [INFO] command processing is alive.
2024-05-10 17:28:45,149 [INFO] command processing is alive.
2024-05-10 17:33:46,178 [INFO] command processing is alive.
2024-05-10 17:38:47,192 [INFO] command processing is alive.
2024-05-10 17:43:48,145 [INFO] command processing is alive.
2024-05-10 17:48:24,575 [INFO] Refreshing listener credentials
2024-05-10 17:48:24,712 [INFO] Scheduling next credential refresh in 1799.0 seconds
2024-05-10 17:48:49,274 [INFO] command processing is alive.
2024-05-10 17:53:50,311 [INFO] command processing is alive.
2024-05-10 17:58:51,329 [INFO] command processing is alive.
2024-05-10 18:03:52,372 [INFO] command processing is alive.
2024-05-10 18:08:53,416 [INFO] command processing is alive.
2024-05-10 18:13:54,394 [INFO] command processing is alive.
2024-05-10 18:18:23,712 [INFO] Refreshing listener credentials
2024-05-10 18:18:23,824 [INFO] Scheduling next credential refresh in 1799.0 seconds
2024-05-10 18:18:55,344 [INFO] command processing is alive.
2024-05-10 18:23:56,412 [INFO] command processing is alive.
2024-05-10 18:28:57,589 [INFO] command processing is alive.
2024-05-10 18:33:58,573 [INFO] command processing is alive.
2024-05-10 18:38:59,543 [INFO] command processing is alive.
2024-05-10 18:44:00,525 [INFO] command processing is alive.
2024-05-10 18:48:22,824 [INFO] Refreshing listener credentials
2024-05-10 18:48:22,969 [INFO] Scheduling next credential refresh in 1799.0 seconds
2024-05-10 18:49:01,553 [INFO] command processing is alive.
2024-05-10 18:54:02,669 [INFO] command processing is alive.
2024-05-10 18:59:03,707 [INFO] command processing is alive.
2024-05-10 19:04:04,755 [INFO] command processing is alive.
2024-05-10 19:09:05,783 [INFO] command processing is alive.
2024-05-10 19:14:06,774 [INFO] command processing is alive.
2024-05-10 19:18:21,971 [INFO] Refreshing listener credentials
2024-05-10 19:18:22,071 [INFO] Scheduling next credential refresh in 1799.0 seconds
2024-05-10 19:19:07,786 [INFO] command processing is alive.
2024-05-10 19:24:08,795 [INFO] command processing is alive.
2024-05-10 19:29:09,767 [INFO] command processing is alive.
2024-05-10 19:34:10,858 [INFO] command processing is alive.
2024-05-10 19:39:11,910 [INFO] command processing is alive.
2024-05-10 19:44:12,848 [INFO] command processing is alive.
2024-05-10 19:48:21,071 [INFO] Refreshing listener credentials
2024-05-10 19:48:21,187 [INFO] Scheduling next credential refresh in 1799.0 seconds
2024-05-10 19:49:13,831 [INFO] command processing is alive.
2024-05-10 19:54:14,764 [INFO] command processing is alive.
2024-05-10 19:59:15,668 [INFO] command processing is alive.
2024-05-10 20:04:16,733 [INFO] command processing is alive.
2024-05-10 20:09:17,752 [INFO] command processing is alive.
2024-05-10 20:14:18,652 [INFO] command processing is alive.
2024-05-10 20:18:20,187 [INFO] Refreshing listener credentials
2024-05-10 20:18:20,289 [INFO] Scheduling next credential refresh in 1799.0 seconds
2024-05-10 20:19:19,614 [INFO] command processing is alive.
2024-05-10 20:24:20,681 [INFO] command processing is alive.
2024-05-10 20:29:21,843 [INFO] command processing is alive.
2024-05-10 20:34:22,847 [INFO] command processing is alive.
2024-05-10 20:39:23,788 [INFO] command processing is alive.
2024-05-10 20:44:24,670 [INFO] command processing is alive.
2024-05-10 20:48:19,290 [INFO] Refreshing listener credentials
2024-05-10 20:48:19,404 [INFO] Scheduling next credential refresh in 1799.0 seconds
2024-05-10 20:49:25,707 [INFO] command processing is alive.
2024-05-10 20:54:26,671 [INFO] command processing is alive.
2024-05-10 20:59:27,778 [INFO] command processing is alive.
2024-05-10 21:04:28,795 [INFO] command processing is alive.
2024-05-10 21:09:29,840 [INFO] command processing is alive.
2024-05-10 21:14:30,759 [INFO] command processing is alive.
2024-05-10 21:18:18,404 [INFO] Refreshing listener credentials
2024-05-10 21:18:18,533 [INFO] Scheduling next credential refresh in 1799.0 seconds
2024-05-10 21:19:31,660 [INFO] command processing is alive.
2024-05-10 21:24:32,735 [INFO] command processing is alive.
2024-05-10 21:29:33,691 [INFO] command processing is alive.
2024-05-10 21:34:34,767 [INFO] command processing is alive.
2024-05-10 21:39:35,813 [INFO] command processing is alive.
2024-05-10 21:44:36,873 [INFO] command processing is alive.
2024-05-10 21:48:17,534 [INFO] Refreshing listener credentials
2024-05-10 21:48:17,680 [INFO] Scheduling next credential refresh in 1799.0 seconds
2024-05-10 21:49:37,895 [INFO] command processing is alive.
2024-05-10 21:54:38,828 [INFO] command processing is alive.
2024-05-10 21:59:39,718 [INFO] command processing is alive.
2024-05-10 22:04:40,725 [INFO] command processing is alive.
2024-05-10 22:09:41,777 [INFO] command processing is alive.
2024-05-10 22:14:42,861 [INFO] command processing is alive.
2024-05-10 22:18:16,681 [INFO] Refreshing listener credentials
2024-05-10 22:18:16,784 [INFO] Scheduling next credential refresh in 1799.0 seconds
2024-05-10 22:19:43,822 [INFO] command processing is alive.
2024-05-10 22:24:44,778 [INFO] command processing is alive.
2024-05-10 22:29:45,734 [INFO] command processing is alive.
2024-05-10 22:34:46,835 [INFO] command processing is alive.
2024-05-10 22:39:47,831 [INFO] command processing is alive.
2024-05-10 22:44:48,916 [INFO] command processing is alive.
2024-05-10 22:48:15,785 [INFO] Refreshing listener credentials
2024-05-10 22:48:15,887 [INFO] Scheduling next credential refresh in 1799.0 seconds
2024-05-10 22:49:49,804 [INFO] command processing is alive.
2024-05-10 22:54:50,817 [INFO] command processing is alive.
2024-05-10 22:59:51,765 [INFO] command processing is alive.
2024-05-10 23:04:52,726 [INFO] command processing is alive.
2024-05-10 23:09:53,804 [INFO] command processing is alive.
2024-05-10 23:14:54,828 [INFO] command processing is alive.
2024-05-10 23:18:14,887 [INFO] Refreshing listener credentials
2024-05-10 23:18:15,013 [INFO] Scheduling next credential refresh in 1799.0 seconds
2024-05-10 23:19:55,770 [INFO] command processing is alive.
2024-05-10 23:24:56,852 [INFO] command processing is alive.
2024-05-10 23:29:57,715 [INFO] command processing is alive.
2024-05-10 23:34:58,788 [INFO] command processing is alive.
2024-05-10 23:39:59,734 [INFO] command processing is alive.
2024-05-10 23:45:00,765 [INFO] command processing is alive.
2024-05-10 23:48:14,014 [INFO] Refreshing listener credentials
2024-05-10 23:48:14,154 [INFO] Scheduling next credential refresh in 1799.0 seconds
2024-05-10 23:50:01,916 [INFO] command processing is alive.
2024-05-10 23:55:03,114 [INFO] command processing is alive.
2024-05-11 00:00:04,223 [INFO] command processing is alive.
2024-05-11 00:05:05,144 [INFO] command processing is alive.
2024-05-11 00:10:06,102 [INFO] command processing is alive.
2024-05-11 00:15:07,135 [INFO] command processing is alive.
2024-05-11 00:18:13,155 [INFO] Refreshing listener credentials
2024-05-11 00:18:13,321 [INFO] Scheduling next credential refresh in 1799.0 seconds
2024-05-11 00:20:08,162 [INFO] command processing is alive.
2024-05-11 00:22:30,907 [INFO] Received command ElasticBeanstalkCommand-AWSEBAutoScalingGroup (invocation id: 504f4cba-0fb9-418c-8092-e3ed9d21e88b)
2024-05-11 00:22:30,907 [INFO] Running action for aws-eb-command-handler
2024-05-11 00:22:32,110 [INFO] Action for aws-eb-command-handler succeeded, returning SUCCESS
2024-05-11 00:24:10,438 [INFO] Received command ElasticBeanstalkCommand-AWSEBAutoScalingGroup (invocation id: 5a36b11b-6c6c-4791-bec8-a621c8d226d0)
2024-05-11 00:24:10,438 [INFO] Running action for aws-eb-command-handler
2024-05-11 00:24:25,568 [INFO] Action for aws-eb-command-handler succeeded, returning SUCCESS
2024-05-11 00:25:25,846 [INFO] command processing is alive.
2024-05-11 00:25:40,664 [INFO] Received command ElasticBeanstalkCommand-AWSEBAutoScalingGroup (invocation id: 9e6be2a0-9072-41c0-8360-803d259018bb)
2024-05-11 00:25:40,664 [INFO] Running action for aws-eb-command-handler
2024-05-11 00:25:41,786 [INFO] Action for aws-eb-command-handler succeeded, returning SUCCESS
2024-05-11 00:26:20,671 [INFO] Received command ElasticBeanstalkCommand-AWSEBAutoScalingGroup (invocation id: c240f7f9-a9c8-4966-8002-fa4612d2e019)
2024-05-11 00:26:20,671 [INFO] Running action for aws-eb-command-handler
2024-05-11 00:26:21,866 [INFO] Action for aws-eb-command-handler succeeded, returning SUCCESS
2024-05-11 00:30:43,059 [INFO] command processing is alive.
2024-05-11 00:33:20,642 [INFO] Received command ElasticBeanstalkCommand-AWSEBAutoScalingGroup (invocation id: 81934be3-9c2f-4e95-bf5b-d23b70fb22c0)
2024-05-11 00:33:20,642 [INFO] Running action for aws-eb-command-handler
2024-05-11 00:33:35,359 [INFO] Action for aws-eb-command-handler succeeded, returning SUCCESS
2024-05-11 00:35:55,974 [INFO] command processing is alive.
2024-05-11 00:40:57,079 [INFO] command processing is alive.
2024-05-11 00:44:19,269 [INFO] Received command ElasticBeanstalkCommand-AWSEBAutoScalingGroup (invocation id: 019c1747-ea7a-488f-8a77-a638b05899eb)
2024-05-11 00:44:19,270 [INFO] Running action for aws-eb-command-handler
2024-05-11 00:44:33,470 [INFO] Action for aws-eb-command-handler succeeded, returning SUCCESS
2024-05-11 00:46:13,874 [INFO] command processing is alive.
2024-05-11 00:46:55,327 [INFO] Received command ElasticBeanstalkCommand-AWSEBAutoScalingGroup (invocation id: 05c3f36f-aa15-4fb7-97ea-2ccc19531f05)
2024-05-11 00:46:55,327 [INFO] Running action for aws-eb-command-handler
2024-05-11 00:46:56,349 [INFO] Action for aws-eb-command-handler succeeded, returning SUCCESS
2024-05-11 00:48:12,322 [INFO] Refreshing listener credentials
2024-05-11 00:48:12,509 [INFO] Scheduling next credential refresh in 1799.0 seconds
2024-05-11 00:49:30,145 [INFO] Received command ElasticBeanstalkCommand-AWSEBAutoScalingGroup (invocation id: b1acfb26-06f1-4560-a860-125125d45b37)
2024-05-11 00:49:30,145 [INFO] Running action for aws-eb-command-handler
