2024-05-09 09:19:12,081 P1669 [INFO] ************************************************************
2024-05-09 09:19:12,081 P1669 [INFO] ConfigSet _OnInstanceBoot
2024-05-09 09:19:12,085 P1669 [INFO] ++++++++++++++++++++++++++++++++++++++++++++++++++++++++++++
2024-05-09 09:19:12,085 P1669 [INFO] Config AWSEBBaseConfig
2024-05-09 09:19:12,822 P1669 [INFO] ============================================================
2024-05-09 09:19:12,822 P1669 [INFO] Command clearbackupfiles
2024-05-09 09:19:12,838 P1669 [INFO] Completed successfully.
2024-05-09 09:19:12,843 P1669 [INFO] ++++++++++++++++++++++++++++++++++++++++++++++++++++++++++++
2024-05-09 09:19:12,843 P1669 [INFO] Config AWSEBCfnHupEndpointOverride
2024-05-09 09:19:12,852 P1669 [INFO] ============================================================
2024-05-09 09:19:12,852 P1669 [INFO] Command clearbackupfiles
2024-05-09 09:19:12,857 P1669 [INFO] Completed successfully.
2024-05-09 09:19:21,544 P1802 [INFO] ************************************************************
2024-05-09 09:19:21,544 P1802 [INFO] ConfigSet Infra-EmbeddedPreBuild
2024-05-09 09:19:49,592 P1927 [INFO] ************************************************************
2024-05-09 09:19:49,592 P1927 [INFO] ConfigSet Infra-EmbeddedPostBuild
2024-05-09 09:23:47,192 P2259 [INFO] ************************************************************
2024-05-09 09:23:47,192 P2259 [INFO] ConfigSet Infra-EmbeddedPreBuild
2024-05-09 09:23:54,533 P2478 [INFO] ************************************************************
2024-05-09 09:23:54,533 P2478 [INFO] ConfigSet Infra-EmbeddedPostBuild
2024-05-09 09:25:06,815 P2809 [INFO] ************************************************************
2024-05-09 09:25:06,815 P2809 [INFO] ConfigSet Infra-EmbeddedPreBuild
2024-05-09 09:25:13,136 P2985 [INFO] ************************************************************
2024-05-09 09:25:13,136 P2985 [INFO] ConfigSet Infra-EmbeddedPostBuild
2024-05-09 09:32:34,439 P3484 [INFO] ************************************************************
2024-05-09 09:32:34,439 P3484 [INFO] ConfigSet Infra-EmbeddedPreBuild
2024-05-09 09:32:34,443 P3484 [INFO] ++++++++++++++++++++++++++++++++++++++++++++++++++++++++++++
2024-05-09 09:32:34,443 P3484 [INFO] Config prebuild_0_new_assignment
2024-05-09 09:32:34,443 P3484 [INFO] ============================================================
2024-05-09 09:32:34,443 P3484 [INFO] Command start_gunicorn
2024-05-09 09:32:34,455 P3484 [INFO] -----------------------Command Output-----------------------
2024-05-09 09:32:34,455 P3484 [INFO] 	/bin/sh: line 1: gunicorn: command not found
2024-05-09 09:32:34,455 P3484 [INFO] ------------------------------------------------------------
2024-05-09 09:32:34,455 P3484 [ERROR] Exited with error code 127
2024-05-09 09:34:13,580 P3562 [INFO] ************************************************************
2024-05-09 09:34:13,580 P3562 [INFO] ConfigSet Infra-EmbeddedPreBuild
2024-05-09 09:34:13,583 P3562 [INFO] ++++++++++++++++++++++++++++++++++++++++++++++++++++++++++++
2024-05-09 09:34:13,583 P3562 [INFO] Config prebuild_0_new_assignment
2024-05-09 09:34:13,584 P3562 [INFO] ============================================================
2024-05-09 09:34:13,584 P3562 [INFO] Command start_gunicorn
2024-05-09 09:34:13,592 P3562 [INFO] -----------------------Command Output-----------------------
2024-05-09 09:34:13,593 P3562 [INFO] 	/bin/sh: line 1: gunicorn: command not found
2024-05-09 09:34:13,593 P3562 [INFO] ------------------------------------------------------------
2024-05-09 09:34:13,593 P3562 [ERROR] Exited with error code 127
2024-05-09 09:35:50,544 P3658 [INFO] ************************************************************
2024-05-09 09:35:50,544 P3658 [INFO] ConfigSet Infra-EmbeddedPreBuild
2024-05-09 09:35:57,216 P3880 [INFO] ************************************************************
2024-05-09 09:35:57,217 P3880 [INFO] ConfigSet Infra-EmbeddedPostBuild
2024-05-09 09:42:54,946 P4389 [INFO] ************************************************************
2024-05-09 09:42:54,946 P4389 [INFO] ConfigSet Infra-EmbeddedPreBuild
2024-05-09 09:43:01,996 P4564 [INFO] ************************************************************
2024-05-09 09:43:01,996 P4564 [INFO] ConfigSet Infra-EmbeddedPostBuild
2024-05-09 10:01:52,282 P5565 [INFO] ************************************************************
2024-05-09 10:01:52,282 P5565 [INFO] ConfigSet Infra-EmbeddedPreBuild
2024-05-09 10:01:58,618 P5739 [INFO] ************************************************************
2024-05-09 10:01:58,618 P5739 [INFO] ConfigSet Infra-EmbeddedPostBuild
2024-05-09 10:11:44,305 P6319 [INFO] ************************************************************
2024-05-09 10:11:44,305 P6319 [INFO] ConfigSet Infra-EmbeddedPreBuild
2024-05-09 10:23:02,853 P6719 [INFO] ************************************************************
2024-05-09 10:23:02,853 P6719 [INFO] ConfigSet Infra-EmbeddedPreBuild
2024-05-09 10:23:02,855 P6719 [INFO] ++++++++++++++++++++++++++++++++++++++++++++++++++++++++++++
2024-05-09 10:23:02,855 P6719 [INFO] Config prebuild_0_new_assignment
2024-05-09 10:23:02,855 P6719 [INFO] ============================================================
2024-05-09 10:23:02,855 P6719 [INFO] Command 01_install_gunicorn
2024-05-09 10:23:04,971 P6719 [INFO] -----------------------Command Output-----------------------
2024-05-09 10:23:04,972 P6719 [INFO] 	Collecting gunicorn
2024-05-09 10:23:04,972 P6719 [INFO] 	  Downloading gunicorn-22.0.0-py3-none-any.whl.metadata (4.4 kB)
2024-05-09 10:23:04,972 P6719 [INFO] 	Collecting packaging (from gunicorn)
2024-05-09 10:23:04,972 P6719 [INFO] 	  Downloading packaging-24.0-py3-none-any.whl.metadata (3.2 kB)
2024-05-09 10:23:04,972 P6719 [INFO] 	Downloading gunicorn-22.0.0-py3-none-any.whl (84 kB)
2024-05-09 10:23:04,972 P6719 [INFO] 	   ━━━━━━━━━━━━━━━━━━━━━━━━━━━━━━━━━━━━━━━━ 84.4/84.4 kB 3.6 MB/s eta 0:00:00
2024-05-09 10:23:04,972 P6719 [INFO] 	Downloading packaging-24.0-py3-none-any.whl (53 kB)
2024-05-09 10:23:04,972 P6719 [INFO] 	   ━━━━━━━━━━━━━━━━━━━━━━━━━━━━━━━━━━━━━━━━ 53.5/53.5 kB 9.7 MB/s eta 0:00:00
2024-05-09 10:23:04,972 P6719 [INFO] 	Installing collected packages: packaging, gunicorn
2024-05-09 10:23:04,972 P6719 [INFO] 	Successfully installed gunicorn-22.0.0 packaging-24.0
2024-05-09 10:23:04,972 P6719 [INFO] 	WARNING: Running pip as the 'root' user can result in broken permissions and conflicting behaviour with the system package manager. It is recommended to use a virtual environment instead: https://pip.pypa.io/warnings/venv
2024-05-09 10:23:04,972 P6719 [INFO] ------------------------------------------------------------
2024-05-09 10:23:04,972 P6719 [INFO] Completed successfully.
2024-05-09 10:26:15,133 P6818 [INFO] ************************************************************
2024-05-09 10:26:15,133 P6818 [INFO] ConfigSet Infra-EmbeddedPreBuild
2024-05-09 10:26:22,564 P7039 [INFO] ************************************************************
2024-05-09 10:26:22,564 P7039 [INFO] ConfigSet Infra-EmbeddedPostBuild
2024-05-09 10:30:11,923 P7440 [INFO] ************************************************************
2024-05-09 10:30:11,923 P7440 [INFO] ConfigSet Infra-EmbeddedPreBuild
2024-05-09 10:30:18,217 P7616 [INFO] ************************************************************
2024-05-09 10:30:18,217 P7616 [INFO] ConfigSet Infra-EmbeddedPostBuild
2024-05-09 10:57:10,813 P8703 [INFO] ************************************************************
2024-05-09 10:57:10,813 P8703 [INFO] ConfigSet Infra-EmbeddedPreBuild
2024-05-09 10:57:17,549 P8924 [INFO] ************************************************************
2024-05-09 10:57:17,549 P8924 [INFO] ConfigSet Infra-EmbeddedPostBuild
2024-05-09 10:59:55,968 P9267 [INFO] ************************************************************
2024-05-09 10:59:55,968 P9267 [INFO] ConfigSet Infra-EmbeddedPreBuild
2024-05-09 11:00:05,679 P9487 [INFO] ************************************************************
2024-05-09 11:00:05,679 P9487 [INFO] ConfigSet Infra-EmbeddedPostBuild
2024-05-09 11:02:05,111 P9885 [INFO] ************************************************************
2024-05-09 11:02:05,111 P9885 [INFO] ConfigSet Infra-EmbeddedPreBuild
2024-05-09 11:02:10,970 P10104 [INFO] ************************************************************
2024-05-09 11:02:10,970 P10104 [INFO] ConfigSet Infra-EmbeddedPostBuild
2024-05-09 11:08:47,694 P10564 [INFO] ************************************************************
2024-05-09 11:08:47,694 P10564 [INFO] ConfigSet Infra-EmbeddedPreBuild
2024-05-09 11:08:54,564 P10786 [INFO] ************************************************************
2024-05-09 11:08:54,564 P10786 [INFO] ConfigSet Infra-EmbeddedPostBuild
2024-05-09 11:15:44,190 P11252 [INFO] ************************************************************
2024-05-09 11:15:44,190 P11252 [INFO] ConfigSet Infra-EmbeddedPreBuild
2024-05-09 11:15:50,538 P11472 [INFO] ************************************************************
2024-05-09 11:15:50,538 P11472 [INFO] ConfigSet Infra-EmbeddedPostBuild
2024-05-09 11:18:37,212 P11813 [INFO] ************************************************************
2024-05-09 11:18:37,212 P11813 [INFO] ConfigSet Infra-EmbeddedPreBuild
2024-05-09 11:18:43,845 P12032 [INFO] ************************************************************
2024-05-09 11:18:43,846 P12032 [INFO] ConfigSet Infra-EmbeddedPostBuild
2024-05-09 11:21:50,430 P12423 [INFO] ************************************************************
2024-05-09 11:21:50,430 P12423 [INFO] ConfigSet Infra-EmbeddedPreBuild
2024-05-09 11:21:50,432 P12423 [INFO] ++++++++++++++++++++++++++++++++++++++++++++++++++++++++++++
2024-05-09 11:21:50,432 P12423 [INFO] Config prebuild_0_new_assignment
2024-05-09 11:21:50,432 P12423 [INFO] ============================================================
2024-05-09 11:21:50,432 P12423 [INFO] Command 01_install_gunicorn
2024-05-09 11:21:51,675 P12423 [INFO] -----------------------Command Output-----------------------
2024-05-09 11:21:51,675 P12423 [INFO] 	Requirement already satisfied: gunicorn in /usr/local/lib/python3.9/site-packages (22.0.0)
2024-05-09 11:21:51,675 P12423 [INFO] 	Requirement already satisfied: packaging in /usr/local/lib/python3.9/site-packages (from gunicorn) (24.0)
2024-05-09 11:21:51,675 P12423 [INFO] 	WARNING: Running pip as the 'root' user can result in broken permissions and conflicting behaviour with the system package manager. It is recommended to use a virtual environment instead: https://pip.pypa.io/warnings/venv
2024-05-09 11:21:51,675 P12423 [INFO] ------------------------------------------------------------
2024-05-09 11:21:51,675 P12423 [INFO] Completed successfully.
2024-05-09 11:21:58,204 P12600 [INFO] ************************************************************
2024-05-09 11:21:58,205 P12600 [INFO] ConfigSet Infra-EmbeddedPostBuild
2024-05-09 11:21:58,207 P12600 [INFO] ++++++++++++++++++++++++++++++++++++++++++++++++++++++++++++
2024-05-09 11:21:58,207 P12600 [INFO] Config postbuild_0_new_assignment
2024-05-09 11:21:58,229 P12600 [INFO] ============================================================
2024-05-09 11:21:58,229 P12600 [INFO] Test for Command 01_start_gunicorn
2024-05-09 11:21:58,234 P12600 [INFO] Completed successfully.
2024-05-09 11:21:58,236 P12600 [INFO] ============================================================
2024-05-09 11:21:58,236 P12600 [INFO] Command 01_start_gunicorn
2024-05-09 11:22:03,441 P12600 [INFO] -----------------------Command Output-----------------------
2024-05-09 11:22:03,441 P12600 [INFO] 	[2024-05-09 11:21:58 +0000] [12609] [INFO] Starting gunicorn 22.0.0
2024-05-09 11:22:03,441 P12600 [INFO] 	[2024-05-09 11:21:58 +0000] [12609] [ERROR] Connection in use: ('0.0.0.0', 8000)
2024-05-09 11:22:03,441 P12600 [INFO] 	[2024-05-09 11:21:58 +0000] [12609] [ERROR] Retrying in 1 second.
2024-05-09 11:22:03,441 P12600 [INFO] 	[2024-05-09 11:21:59 +0000] [12609] [ERROR] Connection in use: ('0.0.0.0', 8000)
2024-05-09 11:22:03,441 P12600 [INFO] 	[2024-05-09 11:21:59 +0000] [12609] [ERROR] Retrying in 1 second.
2024-05-09 11:22:03,441 P12600 [INFO] 	[2024-05-09 11:22:00 +0000] [12609] [ERROR] Connection in use: ('0.0.0.0', 8000)
2024-05-09 11:22:03,441 P12600 [INFO] 	[2024-05-09 11:22:00 +0000] [12609] [ERROR] Retrying in 1 second.
2024-05-09 11:22:03,442 P12600 [INFO] 	[2024-05-09 11:22:01 +0000] [12609] [ERROR] Connection in use: ('0.0.0.0', 8000)
2024-05-09 11:22:03,442 P12600 [INFO] 	[2024-05-09 11:22:01 +0000] [12609] [ERROR] Retrying in 1 second.
2024-05-09 11:22:03,442 P12600 [INFO] 	[2024-05-09 11:22:02 +0000] [12609] [ERROR] Connection in use: ('0.0.0.0', 8000)
2024-05-09 11:22:03,442 P12600 [INFO] 	[2024-05-09 11:22:02 +0000] [12609] [ERROR] Retrying in 1 second.
2024-05-09 11:22:03,442 P12600 [INFO] 	[2024-05-09 11:22:03 +0000] [12609] [ERROR] Can't connect to ('0.0.0.0', 8000)
2024-05-09 11:22:03,442 P12600 [INFO] ------------------------------------------------------------
2024-05-09 11:22:03,442 P12600 [ERROR] Exited with error code 1
2024-05-11 00:24:12,522 P82267 [INFO] ************************************************************
2024-05-11 00:24:12,522 P82267 [INFO] ConfigSet Infra-EmbeddedPreBuild
2024-05-11 00:24:12,525 P82267 [INFO] ++++++++++++++++++++++++++++++++++++++++++++++++++++++++++++
2024-05-11 00:24:12,525 P82267 [INFO] Config prebuild_0_new_assignment
2024-05-11 00:24:12,525 P82267 [INFO] ============================================================
2024-05-11 00:24:12,525 P82267 [INFO] Command 01_install_gunicorn
2024-05-11 00:24:13,347 P82267 [INFO] -----------------------Command Output-----------------------
2024-05-11 00:24:13,348 P82267 [INFO] 	Requirement already satisfied: gunicorn in /usr/local/lib/python3.9/site-packages (22.0.0)
2024-05-11 00:24:13,348 P82267 [INFO] 	Requirement already satisfied: packaging in /usr/local/lib/python3.9/site-packages (from gunicorn) (24.0)
2024-05-11 00:24:13,348 P82267 [INFO] 	WARNING: Running pip as the 'root' user can result in broken permissions and conflicting behaviour with the system package manager. It is recommended to use a virtual environment instead: https://pip.pypa.io/warnings/venv
2024-05-11 00:24:13,348 P82267 [INFO] ------------------------------------------------------------
2024-05-11 00:24:13,348 P82267 [INFO] Completed successfully.
2024-05-11 00:24:20,344 P82491 [INFO] ************************************************************
2024-05-11 00:24:20,344 P82491 [INFO] ConfigSet Infra-EmbeddedPostBuild
2024-05-11 00:24:20,347 P82491 [INFO] ++++++++++++++++++++++++++++++++++++++++++++++++++++++++++++
2024-05-11 00:24:20,347 P82491 [INFO] Config postbuild_0_new_assignment
2024-05-11 00:24:20,361 P82491 [INFO] ============================================================
2024-05-11 00:24:20,361 P82491 [INFO] Test for Command 01_start_gunicorn
2024-05-11 00:24:20,368 P82491 [INFO] Completed successfully.
2024-05-11 00:24:20,369 P82491 [INFO] ============================================================
2024-05-11 00:24:20,369 P82491 [INFO] Command 01_start_gunicorn
2024-05-11 00:24:25,532 P82491 [INFO] -----------------------Command Output-----------------------
2024-05-11 00:24:25,532 P82491 [INFO] 	[2024-05-11 00:24:20 +0000] [82499] [INFO] Starting gunicorn 22.0.0
2024-05-11 00:24:25,532 P82491 [INFO] 	[2024-05-11 00:24:20 +0000] [82499] [ERROR] Connection in use: ('0.0.0.0', 8000)
2024-05-11 00:24:25,532 P82491 [INFO] 	[2024-05-11 00:24:20 +0000] [82499] [ERROR] Retrying in 1 second.
2024-05-11 00:24:25,532 P82491 [INFO] 	[2024-05-11 00:24:21 +0000] [82499] [ERROR] Connection in use: ('0.0.0.0', 8000)
2024-05-11 00:24:25,532 P82491 [INFO] 	[2024-05-11 00:24:21 +0000] [82499] [ERROR] Retrying in 1 second.
2024-05-11 00:24:25,532 P82491 [INFO] 	[2024-05-11 00:24:22 +0000] [82499] [ERROR] Connection in use: ('0.0.0.0', 8000)
2024-05-11 00:24:25,532 P82491 [INFO] 	[2024-05-11 00:24:22 +0000] [82499] [ERROR] Retrying in 1 second.
2024-05-11 00:24:25,532 P82491 [INFO] 	[2024-05-11 00:24:23 +0000] [82499] [ERROR] Connection in use: ('0.0.0.0', 8000)
2024-05-11 00:24:25,532 P82491 [INFO] 	[2024-05-11 00:24:23 +0000] [82499] [ERROR] Retrying in 1 second.
2024-05-11 00:24:25,533 P82491 [INFO] 	[2024-05-11 00:24:24 +0000] [82499] [ERROR] Connection in use: ('0.0.0.0', 8000)
2024-05-11 00:24:25,533 P82491 [INFO] 	[2024-05-11 00:24:24 +0000] [82499] [ERROR] Retrying in 1 second.
2024-05-11 00:24:25,533 P82491 [INFO] 	[2024-05-11 00:24:25 +0000] [82499] [ERROR] Can't connect to ('0.0.0.0', 8000)
2024-05-11 00:24:25,533 P82491 [INFO] ------------------------------------------------------------
2024-05-11 00:24:25,533 P82491 [ERROR] Exited with error code 1
2024-05-11 00:33:22,484 P82804 [INFO] ************************************************************
2024-05-11 00:33:22,484 P82804 [INFO] ConfigSet Infra-EmbeddedPreBuild
2024-05-11 00:33:22,486 P82804 [INFO] ++++++++++++++++++++++++++++++++++++++++++++++++++++++++++++
2024-05-11 00:33:22,486 P82804 [INFO] Config prebuild_0_new_assignment
2024-05-11 00:33:22,486 P82804 [INFO] ============================================================
2024-05-11 00:33:22,486 P82804 [INFO] Command 01_install_gunicorn
2024-05-11 00:33:23,336 P82804 [INFO] -----------------------Command Output-----------------------
2024-05-11 00:33:23,336 P82804 [INFO] 	Requirement already satisfied: gunicorn in /usr/local/lib/python3.9/site-packages (22.0.0)
2024-05-11 00:33:23,336 P82804 [INFO] 	Requirement already satisfied: packaging in /usr/local/lib/python3.9/site-packages (from gunicorn) (24.0)
2024-05-11 00:33:23,336 P82804 [INFO] 	WARNING: Running pip as the 'root' user can result in broken permissions and conflicting behaviour with the system package manager. It is recommended to use a virtual environment instead: https://pip.pypa.io/warnings/venv
2024-05-11 00:33:23,336 P82804 [INFO] ------------------------------------------------------------
2024-05-11 00:33:23,336 P82804 [INFO] Completed successfully.
2024-05-11 00:33:30,159 P83027 [INFO] ************************************************************
2024-05-11 00:33:30,159 P83027 [INFO] ConfigSet Infra-EmbeddedPostBuild
2024-05-11 00:33:30,161 P83027 [INFO] ++++++++++++++++++++++++++++++++++++++++++++++++++++++++++++
2024-05-11 00:33:30,161 P83027 [INFO] Config postbuild_0_new_assignment
2024-05-11 00:33:30,170 P83027 [INFO] ============================================================
2024-05-11 00:33:30,170 P83027 [INFO] Test for Command 01_start_gunicorn
2024-05-11 00:33:30,174 P83027 [INFO] Completed successfully.
2024-05-11 00:33:30,174 P83027 [INFO] ============================================================
2024-05-11 00:33:30,174 P83027 [INFO] Command 01_start_gunicorn
2024-05-11 00:33:35,324 P83027 [INFO] -----------------------Command Output-----------------------
2024-05-11 00:33:35,325 P83027 [INFO] 	[2024-05-11 00:33:30 +0000] [83035] [INFO] Starting gunicorn 22.0.0
2024-05-11 00:33:35,325 P83027 [INFO] 	[2024-05-11 00:33:30 +0000] [83035] [ERROR] Connection in use: ('0.0.0.0', 8000)
2024-05-11 00:33:35,325 P83027 [INFO] 	[2024-05-11 00:33:30 +0000] [83035] [ERROR] Retrying in 1 second.
2024-05-11 00:33:35,325 P83027 [INFO] 	[2024-05-11 00:33:31 +0000] [83035] [ERROR] Connection in use: ('0.0.0.0', 8000)
2024-05-11 00:33:35,325 P83027 [INFO] 	[2024-05-11 00:33:31 +0000] [83035] [ERROR] Retrying in 1 second.
2024-05-11 00:33:35,325 P83027 [INFO] 	[2024-05-11 00:33:32 +0000] [83035] [ERROR] Connection in use: ('0.0.0.0', 8000)
2024-05-11 00:33:35,325 P83027 [INFO] 	[2024-05-11 00:33:32 +0000] [83035] [ERROR] Retrying in 1 second.
2024-05-11 00:33:35,325 P83027 [INFO] 	[2024-05-11 00:33:33 +0000] [83035] [ERROR] Connection in use: ('0.0.0.0', 8000)
2024-05-11 00:33:35,325 P83027 [INFO] 	[2024-05-11 00:33:33 +0000] [83035] [ERROR] Retrying in 1 second.
2024-05-11 00:33:35,325 P83027 [INFO] 	[2024-05-11 00:33:34 +0000] [83035] [ERROR] Connection in use: ('0.0.0.0', 8000)
2024-05-11 00:33:35,325 P83027 [INFO] 	[2024-05-11 00:33:34 +0000] [83035] [ERROR] Retrying in 1 second.
2024-05-11 00:33:35,325 P83027 [INFO] 	[2024-05-11 00:33:35 +0000] [83035] [ERROR] Can't connect to ('0.0.0.0', 8000)
2024-05-11 00:33:35,325 P83027 [INFO] ------------------------------------------------------------
2024-05-11 00:33:35,325 P83027 [ERROR] Exited with error code 1
2024-05-11 00:44:21,058 P83359 [INFO] ************************************************************
2024-05-11 00:44:21,058 P83359 [INFO] ConfigSet Infra-EmbeddedPreBuild
2024-05-11 00:44:21,062 P83359 [INFO] ++++++++++++++++++++++++++++++++++++++++++++++++++++++++++++
2024-05-11 00:44:21,062 P83359 [INFO] Config prebuild_0_new_assignment
2024-05-11 00:44:21,063 P83359 [INFO] ============================================================
2024-05-11 00:44:21,063 P83359 [INFO] Command 01_install_gunicorn
2024-05-11 00:44:21,834 P83359 [INFO] -----------------------Command Output-----------------------
2024-05-11 00:44:21,835 P83359 [INFO] 	Requirement already satisfied: gunicorn in /usr/local/lib/python3.9/site-packages (22.0.0)
2024-05-11 00:44:21,835 P83359 [INFO] 	Requirement already satisfied: packaging in /usr/local/lib/python3.9/site-packages (from gunicorn) (24.0)
2024-05-11 00:44:21,835 P83359 [INFO] 	WARNING: Running pip as the 'root' user can result in broken permissions and conflicting behaviour with the system package manager. It is recommended to use a virtual environment instead: https://pip.pypa.io/warnings/venv
2024-05-11 00:44:21,835 P83359 [INFO] ------------------------------------------------------------
2024-05-11 00:44:21,835 P83359 [INFO] Completed successfully.
2024-05-11 00:44:28,287 P83583 [INFO] ************************************************************
2024-05-11 00:44:28,287 P83583 [INFO] ConfigSet Infra-EmbeddedPostBuild
2024-05-11 00:44:28,289 P83583 [INFO] ++++++++++++++++++++++++++++++++++++++++++++++++++++++++++++
2024-05-11 00:44:28,289 P83583 [INFO] Config postbuild_0_new_assignment
2024-05-11 00:44:28,297 P83583 [INFO] ============================================================
2024-05-11 00:44:28,298 P83583 [INFO] Test for Command 01_start_gunicorn
2024-05-11 00:44:28,302 P83583 [INFO] Completed successfully.
2024-05-11 00:44:28,302 P83583 [INFO] ============================================================
2024-05-11 00:44:28,302 P83583 [INFO] Command 01_start_gunicorn
2024-05-11 00:44:33,434 P83583 [INFO] -----------------------Command Output-----------------------
2024-05-11 00:44:33,434 P83583 [INFO] 	[2024-05-11 00:44:28 +0000] [83591] [INFO] Starting gunicorn 22.0.0
2024-05-11 00:44:33,434 P83583 [INFO] 	[2024-05-11 00:44:28 +0000] [83591] [ERROR] Connection in use: ('0.0.0.0', 8000)
2024-05-11 00:44:33,434 P83583 [INFO] 	[2024-05-11 00:44:28 +0000] [83591] [ERROR] Retrying in 1 second.
2024-05-11 00:44:33,434 P83583 [INFO] 	[2024-05-11 00:44:29 +0000] [83591] [ERROR] Connection in use: ('0.0.0.0', 8000)
2024-05-11 00:44:33,434 P83583 [INFO] 	[2024-05-11 00:44:29 +0000] [83591] [ERROR] Retrying in 1 second.
2024-05-11 00:44:33,434 P83583 [INFO] 	[2024-05-11 00:44:30 +0000] [83591] [ERROR] Connection in use: ('0.0.0.0', 8000)
2024-05-11 00:44:33,434 P83583 [INFO] 	[2024-05-11 00:44:30 +0000] [83591] [ERROR] Retrying in 1 second.
2024-05-11 00:44:33,434 P83583 [INFO] 	[2024-05-11 00:44:31 +0000] [83591] [ERROR] Connection in use: ('0.0.0.0', 8000)
2024-05-11 00:44:33,435 P83583 [INFO] 	[2024-05-11 00:44:31 +0000] [83591] [ERROR] Retrying in 1 second.
2024-05-11 00:44:33,435 P83583 [INFO] 	[2024-05-11 00:44:32 +0000] [83591] [ERROR] Connection in use: ('0.0.0.0', 8000)
2024-05-11 00:44:33,435 P83583 [INFO] 	[2024-05-11 00:44:32 +0000] [83591] [ERROR] Retrying in 1 second.
2024-05-11 00:44:33,435 P83583 [INFO] 	[2024-05-11 00:44:33 +0000] [83591] [ERROR] Can't connect to ('0.0.0.0', 8000)
2024-05-11 00:44:33,435 P83583 [INFO] ------------------------------------------------------------
2024-05-11 00:44:33,435 P83583 [ERROR] Exited with error code 1
