[2024-05-09T09:19:10Z] Started EB User Data
+ SLEEP_TIME=2
+ SLEEP_TIME_MAX=3600
+ true
+ curl https://elasticbeanstalk-platform-assets-ap-southeast-2.s3.ap-southeast-2.amazonaws.com/stalks/eb_python39_amazon_linux_2023_1.0.1053.0_20240417183241/lib/UserDataScript.sh
  % Total    % Received % Xferd  Average Speed   Time    Time     Time  Current
                                 Dload  Upload   Total   Spent    Left  Speed
  0     0    0     0    0     0      0      0 --:--:-- --:--:-- --:--:--     0100  4627  100  4627    0     0  26323      0 --:--:-- --:--:-- --:--:-- 28042
+ RESULT=0
+ [[ 0 -ne 0 ]]
+ /bin/bash /tmp/ebbootstrap.sh 'https://cloudformation-waitcondition-ap-southeast-2.s3-ap-southeast-2.amazonaws.com/arn%3Aaws%3Acloudformation%3Aap-southeast-2%3A905418134427%3Astack/awseb-e-3caxgjpcfu-stack/36d6d0a0-0c66-11ef-af1b-0a6b6d027f5f/36d8cc70-0c66-11ef-af1b-0a6b6d027f5f/AWSEBInstanceLaunchWaitHandle?X-Amz-Algorithm=AWS4-HMAC-SHA256&X-Amz-Date=20240507T113745Z&X-Amz-SignedHeaders=host&X-Amz-Expires=86399&X-Amz-Credential=AKIA6MM33IIZ7EGYRCV7%2F20240507%2Fap-southeast-2%2Fs3%2Faws4_request&X-Amz-Signature=0cc530149f98e61b145f8d28360c6c8259f33eaad91a2b27f8091ced4aab2850' arn:aws:cloudformation:ap-southeast-2:905418134427:stack/awseb-e-3caxgjpcfu-stack/36d6d0a0-0c66-11ef-af1b-0a6b6d027f5f cb6347f0-23c8-4961-97b6-b7b66d62506e https://elasticbeanstalk-health.ap-southeast-2.amazonaws.com '' https://elasticbeanstalk-platform-assets-ap-southeast-2.s3.ap-southeast-2.amazonaws.com/stalks/eb_python39_amazon_linux_2023_1.0.1053.0_20240417183241 ap-southeast-2
[2024-05-09T09:19:10.915Z] Started EB Bootstrapping Script.
[2024-05-09T09:19:10.925Z] Received parameters:
 TARBALLS = 
 EB_GEMS = 
 SIGNAL_URL = https://cloudformation-waitcondition-ap-southeast-2.s3-ap-southeast-2.amazonaws.com/arn%3Aaws%3Acloudformation%3Aap-southeast-2%3A905418134427%3Astack/awseb-e-3caxgjpcfu-stack/36d6d0a0-0c66-11ef-af1b-0a6b6d027f5f/36d8cc70-0c66-11ef-af1b-0a6b6d027f5f/AWSEBInstanceLaunchWaitHandle?X-Amz-Algorithm=AWS4-HMAC-SHA256&X-Amz-Date=20240507T113745Z&X-Amz-SignedHeaders=host&X-Amz-Expires=86399&X-Amz-Credential=AKIA6MM33IIZ7EGYRCV7%2F20240507%2Fap-southeast-2%2Fs3%2Faws4_request&X-Amz-Signature=0cc530149f98e61b145f8d28360c6c8259f33eaad91a2b27f8091ced4aab2850
 STACK_ID = arn:aws:cloudformation:ap-southeast-2:905418134427:stack/awseb-e-3caxgjpcfu-stack/36d6d0a0-0c66-11ef-af1b-0a6b6d027f5f
 REGION = ap-southeast-2
 GUID = 
 HEALTHD_GROUP_ID = cb6347f0-23c8-4961-97b6-b7b66d62506e
 HEALTHD_ENDPOINT = https://elasticbeanstalk-health.ap-southeast-2.amazonaws.com
 PROXY_SERVER = 
 HEALTHD_PROXY_LOG_LOCATION = 
 PLATFORM_ASSETS_URL = https://elasticbeanstalk-platform-assets-ap-southeast-2.s3.ap-southeast-2.amazonaws.com/stalks/eb_python39_amazon_linux_2023_1.0.1053.0_20240417183241
[2024-05-09T09:19:10.994Z] engine url is set to https://elasticbeanstalk-platform-assets-ap-southeast-2.s3.ap-southeast-2.amazonaws.com/stalks/eb_python39_amazon_linux_2023_1.0.1053.0_20240417183241/lib/platform-engine.zip
[2024-05-09T09:19:11.004Z] first init of instance.
[2024-05-09T09:19:11.008Z] Started executing cfn_init _OnInstanceBoot.
[2024-05-09T09:19:11.016Z] Running cfn-init ConfigSet: _OnInstanceBoot.
[2024-05-09T09:19:11.026Z] Using stack-id from userdata
[2024-05-09T09:19:12.945Z] Command Returned: 
[2024-05-09T09:19:12.949Z] Completed executing cfn_init.
[2024-05-09T09:19:12.952Z] finished _OnInstanceBoot
--2024-05-09 09:19:12--  https://elasticbeanstalk-platform-assets-ap-southeast-2.s3.ap-southeast-2.amazonaws.com/stalks/eb_python39_amazon_linux_2023_1.0.1053.0_20240417183241/lib/platform-engine.zip
Resolving elasticbeanstalk-platform-assets-ap-southeast-2.s3.ap-southeast-2.amazonaws.com (elasticbeanstalk-platform-assets-ap-southeast-2.s3.ap-southeast-2.amazonaws.com)... 3.5.165.114, 52.95.130.186, 3.5.166.182, ...
Connecting to elasticbeanstalk-platform-assets-ap-southeast-2.s3.ap-southeast-2.amazonaws.com (elasticbeanstalk-platform-assets-ap-southeast-2.s3.ap-southeast-2.amazonaws.com)|3.5.165.114|:443... connected.
HTTP request sent, awaiting response... 200 OK
Length: 19016842 (18M) [application/zip]
Saving to: ‘/tmp/platform-engine.zip’

     0K .......... .......... .......... .......... ..........  0% 21.0M 1s
    50K .......... .......... .......... .......... ..........  0% 13.5M 1s
   100K .......... .......... .......... .......... ..........  0% 10.8M 1s
   150K .......... .......... .......... .......... ..........  1% 14.4M 1s
   200K .......... .......... .......... .......... ..........  1%  274M 1s
   250K .......... .......... .......... .......... ..........  1%  147M 1s
   300K .......... .......... .......... .......... ..........  1%  211M 1s
   350K .......... .......... .......... .......... ..........  2%  260M 1s
   400K .......... .......... .......... .......... ..........  2%  295M 1s
   450K .......... .......... .......... .......... ..........  2%  251M 1s
   500K .......... .......... .......... .......... ..........  2% 62.3M 1s
   550K .......... .......... .......... .......... ..........  3%  293M 0s
   600K .......... .......... .......... .......... ..........  3%  317M 0s
   650K .......... .......... .......... .......... ..........  3%  318M 0s
   700K .......... .......... .......... .......... ..........  4%  202M 0s
   750K .......... .......... .......... .......... ..........  4%  241M 0s
   800K .......... .......... .......... .......... ..........  4%  304M 0s
   850K .......... .......... .......... .......... ..........  4%  219M 0s
   900K .......... .......... .......... .......... ..........  5%  101M 0s
   950K .......... .......... .......... .......... ..........  5%  259M 0s
  1000K .......... .......... .......... .......... ..........  5%  105M 0s
  1050K .......... .......... .......... .......... ..........  5% 36.0M 0s
  1100K .......... .......... .......... .......... ..........  6%  291M 0s
  1150K .......... .......... .......... .......... ..........  6%  136M 0s
  1200K .......... .......... .......... .......... ..........  6%  274M 0s
  1250K .......... .......... .......... .......... ..........  7%  172M 0s
  1300K .......... .......... .......... .......... ..........  7%  277M 0s
  1350K .......... .......... .......... .......... ..........  7%  283M 0s
  1400K .......... .......... .......... .......... ..........  7%  336M 0s
  1450K .......... .......... .......... .......... ..........  8%  186M 0s
  1500K .......... .......... .......... .......... ..........  8%  307M 0s
  1550K .......... .......... .......... .......... ..........  8%  265M 0s
  1600K .......... .......... .......... .......... ..........  8%  359M 0s
  1650K .......... .......... .......... .......... ..........  9%  268M 0s
  1700K .......... .......... .......... .......... ..........  9%  296M 0s
  1750K .......... .......... .......... .......... ..........  9%  258M 0s
  1800K .......... .......... .......... .......... ..........  9%  283M 0s
  1850K .......... .......... .......... .......... .......... 10%  282M 0s
  1900K .......... .......... .......... .......... .......... 10%  272M 0s
  1950K .......... .......... .......... .......... .......... 10%  329M 0s
  2000K .......... .......... .......... .......... .......... 11%  218M 0s
  2050K .......... .......... .......... .......... .......... 11%  290M 0s
  2100K .......... .......... .......... .......... .......... 11% 8.68M 0s
  2150K .......... .......... .......... .......... .......... 11%  256M 0s
  2200K .......... .......... .......... .......... .......... 12%  292M 0s
  2250K .......... .......... .......... .......... .......... 12%  317M 0s
  2300K .......... .......... .......... .......... .......... 12%  281M 0s
  2350K .......... .......... .......... .......... .......... 12%  302M 0s
  2400K .......... .......... .......... .......... .......... 13%  293M 0s
  2450K .......... .......... .......... .......... .......... 13%  293M 0s
  2500K .......... .......... .......... .......... .......... 13%  291M 0s
  2550K .......... .......... .......... .......... .......... 14%  336M 0s
  2600K .......... .......... .......... .......... .......... 14%  317M 0s
  2650K .......... .......... .......... .......... .......... 14%  259M 0s
  2700K .......... .......... .......... .......... .......... 14%  317M 0s
  2750K .......... .......... .......... .......... .......... 15%  190M 0s
  2800K .......... .......... .......... .......... .......... 15%  315M 0s
  2850K .......... .......... .......... .......... .......... 15%  240M 0s
  2900K .......... .......... .......... .......... .......... 15%  284M 0s
  2950K .......... .......... .......... .......... .......... 16%  293M 0s
  3000K .......... .......... .......... .......... .......... 16%  298M 0s
  3050K .......... .......... .......... .......... .......... 16%  138M 0s
  3100K .......... .......... .......... .......... .......... 16%  295M 0s
  3150K .......... .......... .......... .......... .......... 17%  285M 0s
  3200K .......... .......... .......... .......... .......... 17%  150M 0s
  3250K .......... .......... .......... .......... .......... 17%  122M 0s
  3300K .......... .......... .......... .......... .......... 18%  263M 0s
  3350K .......... .......... .......... .......... .......... 18%  339M 0s
  3400K .......... .......... .......... .......... .......... 18%  299M 0s
  3450K .......... .......... .......... .......... .......... 18%  276M 0s
  3500K .......... .......... .......... .......... .......... 19%  269M 0s
  3550K .......... .......... .......... .......... .......... 19%  324M 0s
  3600K .......... .......... .......... .......... .......... 19%  278M 0s
  3650K .......... .......... .......... .......... .......... 19%  169M 0s
  3700K .......... .......... .......... .......... .......... 20%  226M 0s
  3750K .......... .......... .......... .......... .......... 20%  201M 0s
  3800K .......... .......... .......... .......... .......... 20%  252M 0s
  3850K .......... .......... .......... .......... .......... 21%  235M 0s
  3900K .......... .......... .......... .......... .......... 21% 64.6M 0s
  3950K .......... .......... .......... .......... .......... 21%  296M 0s
  4000K .......... .......... .......... .......... .......... 21%  319M 0s
  4050K .......... .......... .......... .......... .......... 22%  330M 0s
  4100K .......... .......... .......... .......... .......... 22%  267M 0s
  4150K .......... .......... .......... .......... .......... 22%  328M 0s
  4200K .......... .......... .......... .......... .......... 22%  286M 0s
  4250K .......... .......... .......... .......... .......... 23%  297M 0s
  4300K .......... .......... .......... .......... .......... 23%  305M 0s
  4350K .......... .......... .......... .......... .......... 23%  313M 0s
  4400K .......... .......... .......... .......... .......... 23%  282M 0s
  4450K .......... .......... .......... .......... .......... 24%  261M 0s
  4500K .......... .......... .......... .......... .......... 24%  348M 0s
  4550K .......... .......... .......... .......... .......... 24%  291M 0s
  4600K .......... .......... .......... .......... .......... 25%  339M 0s
  4650K .......... .......... .......... .......... .......... 25%  320M 0s
  4700K .......... .......... .......... .......... .......... 25%  219M 0s
  4750K .......... .......... .......... .......... .......... 25%  301M 0s
  4800K .......... .......... .......... .......... .......... 26%  331M 0s
  4850K .......... .......... .......... .......... .......... 26%  158M 0s
  4900K .......... .......... .......... .......... .......... 26% 1.12M 0s
  4950K .......... .......... .......... .......... .......... 26%  140M 0s
  5000K .......... .......... .......... .......... .......... 27% 74.1M 0s
  5050K .......... .......... .......... .......... .......... 27% 77.6M 0s
  5100K .......... .......... .......... .......... .......... 27%  161M 0s
  5150K .......... .......... .......... .......... .......... 28%  166M 0s
  5200K .......... .......... .......... .......... .......... 28%  137M 0s
  5250K .......... .......... .......... .......... .......... 28%  168M 0s
  5300K .......... .......... .......... .......... .......... 28%  220M 0s
  5350K .......... .......... .......... .......... .......... 29%  133M 0s
  5400K .......... .......... .......... .......... .......... 29%  188M 0s
  5450K .......... .......... .......... .......... .......... 29%  214M 0s
  5500K .......... .......... .......... .......... .......... 29%  231M 0s
  5550K .......... .......... .......... .......... .......... 30%  109M 0s
  5600K .......... .......... .......... .......... .......... 30%  174M 0s
  5650K .......... .......... .......... .......... .......... 30% 95.2M 0s
  5700K .......... .......... .......... .......... .......... 30%  171M 0s
  5750K .......... .......... .......... .......... .......... 31%  196M 0s
  5800K .......... .......... .......... .......... .......... 31%  229M 0s
  5850K .......... .......... .......... .......... .......... 31%  114M 0s
  5900K .......... .......... .......... .......... .......... 32%  207M 0s
  5950K .......... .......... .......... .......... .......... 32%  321M 0s
  6000K .......... .......... .......... .......... .......... 32%  197M 0s
  6050K .......... .......... .......... .......... .......... 32%  226M 0s
  6100K .......... .......... .......... .......... .......... 33%  253M 0s
  6150K .......... .......... .......... .......... .......... 33%  268M 0s
  6200K .......... .......... .......... .......... .......... 33%  231M 0s
  6250K .......... .......... .......... .......... .......... 33%  288M 0s
  6300K .......... .......... .......... .......... .......... 34%  141M 0s
  6350K .......... .......... .......... .......... .......... 34%  153M 0s
  6400K .......... .......... .......... .......... .......... 34%  222M 0s
  6450K .......... .......... .......... .......... .......... 35%  301M 0s
  6500K .......... .......... .......... .......... .......... 35%  201M 0s
  6550K .......... .......... .......... .......... .......... 35%  121M 0s
  6600K .......... .......... .......... .......... .......... 35%  181M 0s
  6650K .......... .......... .......... .......... .......... 36%  108M 0s
  6700K .......... .......... .......... .......... .......... 36%  170M 0s
  6750K .......... .......... .......... .......... .......... 36%  232M 0s
  6800K .......... .......... .......... .......... .......... 36% 99.6M 0s
  6850K .......... .......... .......... .......... .......... 37%  186M 0s
  6900K .......... .......... .......... .......... .......... 37%  269M 0s
  6950K .......... .......... .......... .......... .......... 37%  186M 0s
  7000K .......... .......... .......... .......... .......... 37%  145M 0s
  7050K .......... .......... .......... .......... .......... 38%  172M 0s
  7100K .......... .......... .......... .......... .......... 38%  202M 0s
  7150K .......... .......... .......... .......... .......... 38%  298M 0s
  7200K .......... .......... .......... .......... .......... 39%  182M 0s
  7250K .......... .......... .......... .......... .......... 39%  249M 0s
  7300K .......... .......... .......... .......... .......... 39%  254M 0s
  7350K .......... .......... .......... .......... .......... 39%  291M 0s
  7400K .......... .......... .......... .......... .......... 40%  251M 0s
  7450K .......... .......... .......... .......... .......... 40% 1.90M 0s
  7500K .......... .......... .......... .......... .......... 40%  245M 0s
  7550K .......... .......... .......... .......... .......... 40%  236M 0s
  7600K .......... .......... .......... .......... .......... 41%  312M 0s
  7650K .......... .......... .......... .......... .......... 41%  300M 0s
  7700K .......... .......... .......... .......... .......... 41%  249M 0s
  7750K .......... .......... .......... .......... .......... 42%  284M 0s
  7800K .......... .......... .......... .......... .......... 42%  300M 0s
  7850K .......... .......... .......... .......... .......... 42%  231M 0s
  7900K .......... .......... .......... .......... .......... 42%  159M 0s
  7950K .......... .......... .......... .......... .......... 43%  259M 0s
  8000K .......... .......... .......... .......... .......... 43%  337M 0s
  8050K .......... .......... .......... .......... .......... 43%  237M 0s
  8100K .......... .......... .......... .......... .......... 43%  151M 0s
  8150K .......... .......... .......... .......... .......... 44%  302M 0s
  8200K .......... .......... .......... .......... .......... 44%  322M 0s
  8250K .......... .......... .......... .......... .......... 44%  180M 0s
  8300K .......... .......... .......... .......... .......... 44%  207M 0s
  8350K .......... .......... .......... .......... .......... 45%  323M 0s
  8400K .......... .......... .......... .......... .......... 45%  246M 0s
  8450K .......... .......... .......... .......... .......... 45%  277M 0s
  8500K .......... .......... .......... .......... .......... 46%  175M 0s
  8550K .......... .......... .......... .......... .......... 46%  132M 0s
  8600K .......... .......... .......... .......... .......... 46%  297M 0s
  8650K .......... .......... .......... .......... .......... 46%  274M 0s
  8700K .......... .......... .......... .......... .......... 47%  292M 0s
  8750K .......... .......... .......... .......... .......... 47%  308M 0s
  8800K .......... .......... .......... .......... .......... 47%  218M 0s
  8850K .......... .......... .......... .......... .......... 47%  269M 0s
  8900K .......... .......... .......... .......... .......... 48%  281M 0s
  8950K .......... .......... .......... .......... .......... 48%  281M 0s
  9000K .......... .......... .......... .......... .......... 48%  272M 0s
  9050K .......... .......... .......... .......... .......... 49%  165M 0s
  9100K .......... .......... .......... .......... .......... 49%  273M 0s
  9150K .......... .......... .......... .......... .......... 49%  298M 0s
  9200K .......... .......... .......... .......... .......... 49%  313M 0s
  9250K .......... .......... .......... .......... .......... 50%  295M 0s
  9300K .......... .......... .......... .......... .......... 50%  253M 0s
  9350K .......... .......... .......... .......... .......... 50%  344M 0s
  9400K .......... .......... .......... .......... .......... 50%  332M 0s
  9450K .......... .......... .......... .......... .......... 51%  291M 0s
  9500K .......... .......... .......... .......... .......... 51%  321M 0s
  9550K .......... .......... .......... .......... .......... 51%  351M 0s
  9600K .......... .......... .......... .......... .......... 51%  358M 0s
  9650K .......... .......... .......... .......... .......... 52%  230M 0s
  9700K .......... .......... .......... .......... .......... 52%  344M 0s
  9750K .......... .......... .......... .......... .......... 52% 5.21M 0s
  9800K .......... .......... .......... .......... .......... 53% 65.8M 0s
  9850K .......... .......... .......... .......... .......... 53% 64.2M 0s
  9900K .......... .......... .......... .......... .......... 53% 66.5M 0s
  9950K .......... .......... .......... .......... .......... 53% 61.2M 0s
 10000K .......... .......... .......... .......... .......... 54% 47.6M 0s
 10050K .......... .......... .......... .......... .......... 54% 57.7M 0s
 10100K .......... .......... .......... .......... .......... 54% 71.2M 0s
 10150K .......... .......... .......... .......... .......... 54% 72.9M 0s
 10200K .......... .......... .......... .......... .......... 55% 40.1M 0s
 10250K .......... .......... .......... .......... .......... 55% 10.3M 0s
 10300K .......... .......... .......... .......... .......... 55% 58.3M 0s
 10350K .......... .......... .......... .......... .......... 56% 59.3M 0s
 10400K .......... .......... .......... .......... .......... 56% 63.3M 0s
 10450K .......... .......... .......... .......... .......... 56% 77.5M 0s
 10500K .......... .......... .......... .......... .......... 56% 70.8M 0s
 10550K .......... .......... .......... .......... .......... 57% 70.7M 0s
 10600K .......... .......... .......... .......... .......... 57% 12.7M 0s
 10650K .......... .......... .......... .......... .......... 57% 69.0M 0s
 10700K .......... .......... .......... .......... .......... 57% 72.7M 0s
 10750K .......... .......... .......... .......... .......... 58% 80.2M 0s
 10800K .......... .......... .......... .......... .......... 58% 64.6M 0s
 10850K .......... .......... .......... .......... .......... 58% 5.40M 0s
 10900K .......... .......... .......... .......... .......... 58% 35.6M 0s
 10950K .......... .......... .......... .......... .......... 59% 60.4M 0s
 11000K .......... .......... .......... .......... .......... 59% 65.3M 0s
 11050K .......... .......... .......... .......... .......... 59% 62.4M 0s
 11100K .......... .......... .......... .......... .......... 60% 76.2M 0s
 11150K .......... .......... .......... .......... .......... 60% 75.5M 0s
 11200K .......... .......... .......... .......... .......... 60% 67.6M 0s
 11250K .......... .......... .......... .......... .......... 60% 64.2M 0s
 11300K .......... .......... .......... .......... .......... 61% 67.0M 0s
 11350K .......... .......... .......... .......... .......... 61% 86.0M 0s
 11400K .......... .......... .......... .......... .......... 61% 4.04M 0s
 11450K .......... .......... .......... .......... .......... 61% 66.8M 0s
 11500K .......... .......... .......... .......... .......... 62% 80.0M 0s
 11550K .......... .......... .......... .......... .......... 62% 87.8M 0s
 11600K .......... .......... .......... .......... .......... 62% 63.6M 0s
 11650K .......... .......... .......... .......... .......... 63% 71.8M 0s
 11700K .......... .......... .......... .......... .......... 63% 81.2M 0s
 11750K .......... .......... .......... .......... .......... 63% 75.2M 0s
 11800K .......... .......... .......... .......... .......... 63% 89.0M 0s
 11850K .......... .......... .......... .......... .......... 64% 70.7M 0s
 11900K .......... .......... .......... .......... .......... 64% 78.3M 0s
 11950K .......... .......... .......... .......... .......... 64% 76.4M 0s
 12000K .......... .......... .......... .......... .......... 64% 81.1M 0s
 12050K .......... .......... .......... .......... .......... 65% 48.0M 0s
 12100K .......... .......... .......... .......... .......... 65% 83.0M 0s
 12150K .......... .......... .......... .......... .......... 65% 4.53M 0s
 12200K .......... .......... .......... .......... .......... 65% 47.1M 0s
 12250K .......... .......... .......... .......... .......... 66% 48.3M 0s
 12300K .......... .......... .......... .......... .......... 66% 80.5M 0s
 12350K .......... .......... .......... .......... .......... 66% 54.8M 0s
 12400K .......... .......... .......... .......... .......... 67% 59.3M 0s
 12450K .......... .......... .......... .......... .......... 67% 70.9M 0s
 12500K .......... .......... .......... .......... .......... 67% 74.3M 0s
 12550K .......... .......... .......... .......... .......... 67% 59.4M 0s
 12600K .......... .......... .......... .......... .......... 68% 60.6M 0s
 12650K .......... .......... .......... .......... .......... 68% 73.8M 0s
 12700K .......... .......... .......... .......... .......... 68% 78.1M 0s
 12750K .......... .......... .......... .......... .......... 68% 86.8M 0s
 12800K .......... .......... .......... .......... .......... 69% 22.0M 0s
 12850K .......... .......... .......... .......... .......... 69% 76.3M 0s
 12900K .......... .......... .......... .......... .......... 69% 87.1M 0s
 12950K .......... .......... .......... .......... .......... 70% 81.8M 0s
 13000K .......... .......... .......... .......... .......... 70% 86.2M 0s
 13050K .......... .......... .......... .......... .......... 70% 72.0M 0s
 13100K .......... .......... .......... .......... .......... 70% 59.1M 0s
 13150K .......... .......... .......... .......... .......... 71% 11.2M 0s
 13200K .......... .......... .......... .......... .......... 71% 71.3M 0s
 13250K .......... .......... .......... .......... .......... 71% 76.4M 0s
 13300K .......... .......... .......... .......... .......... 71% 86.0M 0s
 13350K .......... .......... .......... .......... .......... 72% 76.5M 0s
 13400K .......... .......... .......... .......... .......... 72% 44.2M 0s
 13450K .......... .......... .......... .......... .......... 72% 76.0M 0s
 13500K .......... .......... .......... .......... .......... 72% 7.44M 0s
 13550K .......... .......... .......... .......... .......... 73% 78.7M 0s
 13600K .......... .......... .......... .......... .......... 73% 88.9M 0s
 13650K .......... .......... .......... .......... .......... 73% 78.9M 0s
 13700K .......... .......... .......... .......... .......... 74% 83.1M 0s
 13750K .......... .......... .......... .......... .......... 74% 90.6M 0s
 13800K .......... .......... .......... .......... .......... 74% 77.8M 0s
 13850K .......... .......... .......... .......... .......... 74% 76.7M 0s
 13900K .......... .......... .......... .......... .......... 75% 78.0M 0s
 13950K .......... .......... .......... .......... .......... 75% 82.0M 0s
 14000K .......... .......... .......... .......... .......... 75% 82.0M 0s
 14050K .......... .......... .......... .......... .......... 75% 7.72M 0s
 14100K .......... .......... .......... .......... .......... 76% 75.3M 0s
 14150K .......... .......... .......... .......... .......... 76% 85.2M 0s
 14200K .......... .......... .......... .......... .......... 76% 83.5M 0s
 14250K .......... .......... .......... .......... .......... 77% 75.6M 0s
 14300K .......... .......... .......... .......... .......... 77% 63.5M 0s
 14350K .......... .......... .......... .......... .......... 77% 85.2M 0s
 14400K .......... .......... .......... .......... .......... 77% 57.4M 0s
 14450K .......... .......... .......... .......... .......... 78% 76.8M 0s
 14500K .......... .......... .......... .......... .......... 78% 81.6M 0s
 14550K .......... .......... .......... .......... .......... 78% 14.7M 0s
 14600K .......... .......... .......... .......... .......... 78% 85.4M 0s
 14650K .......... .......... .......... .......... .......... 79% 77.9M 0s
 14700K .......... .......... .......... .......... .......... 79% 90.6M 0s
 14750K .......... .......... .......... .......... .......... 79% 90.9M 0s
 14800K .......... .......... .......... .......... .......... 79% 7.03M 0s
 14850K .......... .......... .......... .......... .......... 80% 64.9M 0s
 14900K .......... .......... .......... .......... .......... 80% 80.3M 0s
 14950K .......... .......... .......... .......... .......... 80% 70.6M 0s
 15000K .......... .......... .......... .......... .......... 81% 81.4M 0s
 15050K .......... .......... .......... .......... .......... 81% 69.2M 0s
 15100K .......... .......... .......... .......... .......... 81% 80.4M 0s
 15150K .......... .......... .......... .......... .......... 81% 75.8M 0s
 15200K .......... .......... .......... .......... .......... 82% 72.0M 0s
 15250K .......... .......... .......... .......... .......... 82% 30.7M 0s
 15300K .......... .......... .......... .......... .......... 82% 3.99M 0s
 15350K .......... .......... .......... .......... .......... 82% 85.7M 0s
 15400K .......... .......... .......... .......... .......... 83% 86.4M 0s
 15450K .......... .......... .......... .......... .......... 83% 22.1M 0s
 15500K .......... .......... .......... .......... .......... 83% 86.7M 0s
 15550K .......... .......... .......... .......... .......... 84% 78.9M 0s
 15600K .......... .......... .......... .......... .......... 84% 78.5M 0s
 15650K .......... .......... .......... .......... .......... 84% 59.5M 0s
 15700K .......... .......... .......... .......... .......... 84% 63.1M 0s
 15750K .......... .......... .......... .......... .......... 85% 38.9M 0s
 15800K .......... .......... .......... .......... .......... 85% 77.9M 0s
 15850K .......... .......... .......... .......... .......... 85%  232M 0s
 15900K .......... .......... .......... .......... .......... 85%  345M 0s
 15950K .......... .......... .......... .......... .......... 86%  323M 0s
 16000K .......... .......... .......... .......... .......... 86%  279M 0s
 16050K .......... .......... .......... .......... .......... 86%  315M 0s
 16100K .......... .......... .......... .......... .......... 86%  338M 0s
 16150K .......... .......... .......... .......... .......... 87%  333M 0s
 16200K .......... .......... .......... .......... .......... 87%  339M 0s
 16250K .......... .......... .......... .......... .......... 87%  279M 0s
 16300K .......... .......... .......... .......... .......... 88%  340M 0s
 16350K .......... .......... .......... .......... .......... 88%  202M 0s
 16400K .......... .......... .......... .......... .......... 88%  335M 0s
 16450K .......... .......... .......... .......... .......... 88%  310M 0s
 16500K .......... .......... .......... .......... .......... 89%  174M 0s
 16550K .......... .......... .......... .......... .......... 89%  337M 0s
 16600K .......... .......... .......... .......... .......... 89%  238M 0s
 16650K .......... .......... .......... .......... .......... 89%  280M 0s
 16700K .......... .......... .......... .......... .......... 90%  226M 0s
 16750K .......... .......... .......... .......... .......... 90%  328M 0s
 16800K .......... .......... .......... .......... .......... 90%  350M 0s
 16850K .......... .......... .......... .......... .......... 91%  309M 0s
 16900K .......... .......... .......... .......... .......... 91%  349M 0s
 16950K .......... .......... .......... .......... .......... 91%  359M 0s
 17000K .......... .......... .......... .......... .......... 91%  358M 0s
 17050K .......... .......... .......... .......... .......... 92%  277M 0s
 17100K .......... .......... .......... .......... .......... 92%  355M 0s
 17150K .......... .......... .......... .......... .......... 92%  353M 0s
 17200K .......... .......... .......... .......... .......... 92%  352M 0s
 17250K .......... .......... .......... .......... .......... 93%  295M 0s
 17300K .......... .......... .......... .......... .......... 93%  346M 0s
 17350K .......... .......... .......... .......... .......... 93%  352M 0s
 17400K .......... .......... .......... .......... .......... 93%  349M 0s
 17450K .......... .......... .......... .......... .......... 94%  295M 0s
 17500K .......... .......... .......... .......... .......... 94%  360M 0s
 17550K .......... .......... .......... .......... .......... 94%  360M 0s
 17600K .......... .......... .......... .......... .......... 95%  240M 0s
 17650K .......... .......... .......... .......... .......... 95%  308M 0s
 17700K .......... .......... .......... .......... .......... 95%  357M 0s
 17750K .......... .......... .......... .......... .......... 95%  353M 0s
 17800K .......... .......... .......... .......... .......... 96%  313M 0s
 17850K .......... .......... .......... .......... .......... 96%  298M 0s
 17900K .......... .......... .......... .......... .......... 96%  354M 0s
 17950K .......... .......... .......... .......... .......... 96%  343M 0s
 18000K .......... .......... .......... .......... .......... 97%  357M 0s
 18050K .......... .......... .......... .......... .......... 97%  234M 0s
 18100K .......... .......... .......... .......... .......... 97%  291M 0s
 18150K .......... .......... .......... .......... .......... 98%  341M 0s
 18200K .......... .......... .......... .......... .......... 98%  361M 0s
 18250K .......... .......... .......... .......... .......... 98%  297M 0s
 18300K .......... .......... .......... .......... .......... 98%  344M 0s
 18350K .......... .......... .......... .......... .......... 99%  356M 0s
 18400K .......... .......... .......... .......... .......... 99%  736K 0s
 18450K .......... .......... .......... .......... .......... 99% 64.3M 0s
 18500K .......... .......... .......... .......... .......... 99% 89.0M 0s
 18550K .......... .......... .                               100% 37.4M=0.4s

2024-05-09 09:19:13 (47.6 MB/s) - ‘/tmp/platform-engine.zip’ saved [19016842/19016842]

Archive:  /tmp/platform-engine.zip
  inflating: /opt/elasticbeanstalk/bin/platform-engine  
  inflating: /opt/elasticbeanstalk/bin/publishlogs  
  inflating: /opt/elasticbeanstalk/bin/get-config  
  inflating: /opt/elasticbeanstalk/config/private/aws-eb-command-handler.conf  
  inflating: /opt/elasticbeanstalk/config/private/cfn-hup-wrapper  
  inflating: /opt/elasticbeanstalk/config/private/cfn-hup.conf.template  
  inflating: /opt/elasticbeanstalk/config/private/containercommandsupport/container-defaults.sh  
  inflating: /opt/elasticbeanstalk/config/private/containercommandsupport/leader-test.sh  
  inflating: /opt/elasticbeanstalk/config/private/eb-banner.template  
  inflating: /opt/elasticbeanstalk/config/private/guidlocking/repo.py  
  inflating: /opt/elasticbeanstalk/config/private/healthd/config.yaml.template  
  inflating: /opt/elasticbeanstalk/config/private/healthd/healthd_httpd.conf  
  inflating: /opt/elasticbeanstalk/config/private/healthd/healthd_logformat.conf  
  inflating: /opt/elasticbeanstalk/config/private/healthd/healthd_nginx.conf  
  inflating: /opt/elasticbeanstalk/config/private/healthd/logcleanup-cron.template  
  inflating: /opt/elasticbeanstalk/config/private/healthd/healthddependency  
  inflating: /opt/elasticbeanstalk/config/private/httpd/applicationport.conf.template  
  inflating: /opt/elasticbeanstalk/config/private/httpd/gzip.conf  
  inflating: /opt/elasticbeanstalk/config/private/httpd/staticfilesmapping.conf.template  
  inflating: /opt/elasticbeanstalk/config/private/httpd/httpd.conf.template  
  inflating: /opt/elasticbeanstalk/config/private/logrotate/logrotate-cron.template  
  inflating: /opt/elasticbeanstalk/config/private/logrotate/logrotate.template  
  inflating: /opt/elasticbeanstalk/config/private/logtasks/cron/publishlogs  
  inflating: /opt/elasticbeanstalk/config/private/nginx/applicationport.conf.template  
  inflating: /opt/elasticbeanstalk/config/private/nginx/nginx.conf.template  
  inflating: /opt/elasticbeanstalk/config/private/nginx/staticfilesmapping.conf.template  
  inflating: /opt/elasticbeanstalk/config/private/python/sitecustomize.py  
 extracting: /opt/elasticbeanstalk/config/private/restartcfn.sh  
  inflating: /opt/elasticbeanstalk/config/private/restartcloudwatchagent.sh  
  inflating: /opt/elasticbeanstalk/config/private/rsyslog.conf.template  
  inflating: /opt/elasticbeanstalk/config/private/ruby_common_env  
  inflating: /opt/elasticbeanstalk/config/private/sqsd/default.yaml.template  
  inflating: /opt/elasticbeanstalk/config/private/sqsd/sqsdversion.json  
  inflating: /opt/elasticbeanstalk/config/private/systemd-append.template  
 extracting: /opt/elasticbeanstalk/config/private/aws-eb.target  
  inflating: /opt/elasticbeanstalk/config/private/systemd.template  
  inflating: /opt/elasticbeanstalk/tasks/bundlelogs.d/cfn-system.conf  
 extracting: /opt/elasticbeanstalk/tasks/bundlelogs.d/cloud-init-system.conf  
  inflating: /opt/elasticbeanstalk/tasks/bundlelogs.d/eb-app.conf  
 extracting: /opt/elasticbeanstalk/tasks/bundlelogs.d/eb-hooks.conf  
  inflating: /opt/elasticbeanstalk/tasks/bundlelogs.d/eb-system.conf  
 extracting: /opt/elasticbeanstalk/tasks/bundlelogs.d/rotate.conf  
  inflating: /opt/elasticbeanstalk/tasks/bundlelogs.d/system.conf  
 extracting: /opt/elasticbeanstalk/tasks/publishlogs.d/eb-app.conf  
  inflating: /opt/elasticbeanstalk/tasks/taillogs.d/eb-app.conf  
  inflating: /opt/elasticbeanstalk/tasks/taillogs.d/eb-engine.conf  
[2024-05-09T09:19:51.795Z] Successfully bootstrapped instance.
[2024-05-09T09:19:51.799Z] Sending signal 0 to CFN wait condition https://cloudformation-waitcondition-ap-southeast-2.s3-ap-southeast-2.amazonaws.com/arn%3Aaws%3Acloudformation%3Aap-southeast-2%3A905418134427%3Astack/awseb-e-3caxgjpcfu-stack/36d6d0a0-0c66-11ef-af1b-0a6b6d027f5f/36d8cc70-0c66-11ef-af1b-0a6b6d027f5f/AWSEBInstanceLaunchWaitHandle?X-Amz-Algorithm=AWS4-HMAC-SHA256&X-Amz-Date=20240507T113745Z&X-Amz-SignedHeaders=host&X-Amz-Expires=86399&X-Amz-Credential=AKIA6MM33IIZ7EGYRCV7%2F20240507%2Fap-southeast-2%2Fs3%2Faws4_request&X-Amz-Signature=0cc530149f98e61b145f8d28360c6c8259f33eaad91a2b27f8091ced4aab2850
Error signaling CloudFormation: [Errno 403] HTTP Error 403 : <?xml version="1.0" encoding="UTF-8"?>
<Error><Code>AccessDenied</Code><Message>Request has expired</Message><X-Amz-Expires>86399</X-Amz-Expires><Expires>2024-05-08T11:37:44Z</Expires><ServerTime>2024-05-09T09:19:52Z</ServerTime><RequestId>RVJXNV8MR58KNYDE</RequestId><HostId>m5eNvv04A+A/ExHKNCi0aL/zsm88Tz/ckzRSxCShlIE+ksQz+ujqpGf/8xA/Fv0Kq48XVj0yBkI=</HostId></Error>
[2024-05-09T09:19:52.227Z] Wait Condition Signal expired.
[2024-05-09T09:19:52.230Z] Tailing /var/log/eb-commandprocessor.log

******************* eb-commandprocessor taillog *******************
***eb-commandprocessor is not available yet.***
******************* End of taillog *******************


[2024-05-09T09:19:52.233Z] Tailing /var/log/eb-activity.log

******************* eb-activity taillog *******************
***eb-activity is not available yet.***
******************* End of taillog *******************


[2024-05-09T09:19:52.237Z] Tailing /var/log/eb-tools.log

******************* eb-tools taillog *******************
***eb-tools is not available yet.***
******************* End of taillog *******************


[2024-05-09T09:19:52.240Z] Tailing /var/log/eb-version-deployment.log

******************* eb-version-deployment taillog *******************
***eb-version-deployment is not available yet.***
******************* End of taillog *******************


[2024-05-09T09:19:52.244Z] Tailing /var/log/cfn-init.log

******************* cfn-init taillog *******************
2024-05-09 09:19:12,057 [INFO] -----------------------Starting build-----------------------
2024-05-09 09:19:12,076 [INFO] Running configSets: _OnInstanceBoot
2024-05-09 09:19:12,081 [INFO] Running configSet _OnInstanceBoot
2024-05-09 09:19:12,085 [INFO] Running config AWSEBBaseConfig
2024-05-09 09:19:12,838 [INFO] Command clearbackupfiles succeeded
2024-05-09 09:19:12,843 [INFO] Running config AWSEBCfnHupEndpointOverride
2024-05-09 09:19:12,857 [INFO] Command clearbackupfiles succeeded
2024-05-09 09:19:12,859 [INFO] ConfigSets completed
2024-05-09 09:19:12,859 [INFO] -----------------------Build complete-----------------------
2024-05-09 09:19:21,516 [INFO] -----------------------Starting build-----------------------
2024-05-09 09:19:21,541 [INFO] Running configSets: Infra-EmbeddedPreBuild
2024-05-09 09:19:21,544 [INFO] Running configSet Infra-EmbeddedPreBuild
2024-05-09 09:19:21,544 [INFO] ConfigSets completed
2024-05-09 09:19:21,544 [INFO] -----------------------Build complete-----------------------
2024-05-09 09:19:49,584 [INFO] -----------------------Starting build-----------------------
2024-05-09 09:19:49,589 [INFO] Running configSets: Infra-EmbeddedPostBuild
2024-05-09 09:19:49,591 [INFO] Running configSet Infra-EmbeddedPostBuild
2024-05-09 09:19:49,592 [INFO] ConfigSets completed
2024-05-09 09:19:49,592 [INFO] -----------------------Build complete-----------------------
******************* End of taillog *******************


[2024-05-09T09:19:52.251Z] Tailing /var/log/cfn-hup.log

******************* cfn-hup taillog *******************
2024-05-09 09:19:21,255 [DEBUG] CloudFormation client initialized with endpoint https://cloudformation.ap-southeast-2.amazonaws.com
2024-05-09 09:19:21,256 [DEBUG] SQS client initialized with endpoint https://sqs.ap-southeast-2.amazonaws.com
2024-05-09 09:19:21,256 [DEBUG] CloudFormation client initialized with endpoint https://cloudformation.ap-southeast-2.amazonaws.com
2024-05-09 09:19:21,256 [DEBUG] Enabled single threading mode.
2024-05-09 09:19:21,257 [DEBUG] Creating /var/lib/cfn-hup/data
2024-05-09 09:19:21,269 [INFO] No umask value specified in config file. Using the default one: 0o22
2024-05-09 09:19:21,400 [INFO] Pid: 1798
2024-05-09 09:19:21,845 [INFO] Refreshing listener credentials
2024-05-09 09:19:22,014 [INFO] Scheduling next credential refresh in 1799.0 seconds
******************* End of taillog *******************


[2024-05-09T09:19:52.257Z] Completed EB Bootstrapping Script.
+ RESULT=0
+ [[ 0 -ne 0 ]]
+ exit 0
